<?xml version='1.0' encoding='UTF-8'?>
<!DOCTYPE coverage SYSTEM 'http://cobertura.sourceforge.net/xml/coverage-04.dtd'>
<coverage line-rate="0.9170903402424716" branch-rate="0.2709526592635885" lines-covered="2345" lines-valid="2557" branches-covered="2318" branches-valid="8555" complexity="0.0" timestamp="1663316267" version="gcovr 4.2">
  <sources>
    <source>.</source>
  </sources>
  <packages>
    <package name="Tests" line-rate="0.9966804979253112" branch-rate="0.25500133368898376" complexity="0.0">
      <classes>
        <class name="test_cpp" filename="Tests/test.cpp" line-rate="0.9966804979253112" branch-rate="0.25500133368898376" complexity="0.0">
          <methods/>
          <lines>
            <line number="36" hits="16" branch="false"/>
            <line number="57" hits="4" branch="false"/>
            <line number="59" hits="16" branch="false"/>
            <line number="64" hits="4" branch="false"/>
            <line number="66" hits="16" branch="false"/>
            <line number="89" hits="4" branch="false"/>
            <line number="91" hits="16" branch="false"/>
            <line number="92" hits="4" branch="false"/>
            <line number="131" hits="4" branch="false"/>
            <line number="133" hits="16" branch="false"/>
            <line number="134" hits="4" branch="false"/>
            <line number="136" hits="6" branch="true" condition-coverage="25% (3/12)">
              <conditions>
                <condition number="0" type="jump" coverage="25%"/>
              </conditions>
            </line>
            <line number="137" hits="8" branch="true" condition-coverage="50% (1/2)">
              <conditions>
                <condition number="0" type="jump" coverage="50%"/>
              </conditions>
            </line>
            <line number="138" hits="4" branch="true" condition-coverage="50% (1/2)">
              <conditions>
                <condition number="0" type="jump" coverage="50%"/>
              </conditions>
            </line>
            <line number="139" hits="4" branch="true" condition-coverage="28% (4/14)">
              <conditions>
                <condition number="0" type="jump" coverage="28%"/>
              </conditions>
            </line>
            <line number="140" hits="4" branch="true" condition-coverage="50% (2/4)">
              <conditions>
                <condition number="0" type="jump" coverage="50%"/>
              </conditions>
            </line>
            <line number="141" hits="4" branch="true" condition-coverage="50% (2/4)">
              <conditions>
                <condition number="0" type="jump" coverage="50%"/>
              </conditions>
            </line>
            <line number="143" hits="4" branch="true" condition-coverage="50% (2/4)">
              <conditions>
                <condition number="0" type="jump" coverage="50%"/>
              </conditions>
            </line>
            <line number="144" hits="12" branch="true" condition-coverage="50% (1/2)">
              <conditions>
                <condition number="0" type="jump" coverage="50%"/>
              </conditions>
            </line>
            <line number="145" hits="4" branch="false"/>
            <line number="146" hits="4" branch="false"/>
            <line number="147" hits="4" branch="false"/>
            <line number="148" hits="4" branch="false"/>
            <line number="149" hits="4" branch="false"/>
            <line number="150" hits="4" branch="false"/>
            <line number="151" hits="4" branch="false"/>
            <line number="152" hits="4" branch="true" condition-coverage="28% (4/14)">
              <conditions>
                <condition number="0" type="jump" coverage="28%"/>
              </conditions>
            </line>
            <line number="153" hits="4" branch="true" condition-coverage="28% (4/14)">
              <conditions>
                <condition number="0" type="jump" coverage="28%"/>
              </conditions>
            </line>
            <line number="154" hits="4" branch="true" condition-coverage="28% (4/14)">
              <conditions>
                <condition number="0" type="jump" coverage="28%"/>
              </conditions>
            </line>
            <line number="155" hits="4" branch="true" condition-coverage="28% (4/14)">
              <conditions>
                <condition number="0" type="jump" coverage="28%"/>
              </conditions>
            </line>
            <line number="157" hits="4" branch="true" condition-coverage="28% (4/14)">
              <conditions>
                <condition number="0" type="jump" coverage="28%"/>
              </conditions>
            </line>
            <line number="158" hits="4" branch="true" condition-coverage="28% (4/14)">
              <conditions>
                <condition number="0" type="jump" coverage="28%"/>
              </conditions>
            </line>
            <line number="159" hits="4" branch="true" condition-coverage="28% (4/14)">
              <conditions>
                <condition number="0" type="jump" coverage="28%"/>
              </conditions>
            </line>
            <line number="160" hits="4" branch="true" condition-coverage="28% (4/14)">
              <conditions>
                <condition number="0" type="jump" coverage="28%"/>
              </conditions>
            </line>
            <line number="162" hits="4" branch="true" condition-coverage="20% (2/10)">
              <conditions>
                <condition number="0" type="jump" coverage="20%"/>
              </conditions>
            </line>
            <line number="163" hits="4" branch="true" condition-coverage="20% (2/10)">
              <conditions>
                <condition number="0" type="jump" coverage="20%"/>
              </conditions>
            </line>
            <line number="164" hits="4" branch="true" condition-coverage="20% (2/10)">
              <conditions>
                <condition number="0" type="jump" coverage="20%"/>
              </conditions>
            </line>
            <line number="165" hits="4" branch="true" condition-coverage="20% (2/10)">
              <conditions>
                <condition number="0" type="jump" coverage="20%"/>
              </conditions>
            </line>
            <line number="167" hits="4" branch="true" condition-coverage="20% (2/10)">
              <conditions>
                <condition number="0" type="jump" coverage="20%"/>
              </conditions>
            </line>
            <line number="168" hits="4" branch="true" condition-coverage="20% (2/10)">
              <conditions>
                <condition number="0" type="jump" coverage="20%"/>
              </conditions>
            </line>
            <line number="169" hits="4" branch="true" condition-coverage="20% (2/10)">
              <conditions>
                <condition number="0" type="jump" coverage="20%"/>
              </conditions>
            </line>
            <line number="170" hits="4" branch="true" condition-coverage="20% (2/10)">
              <conditions>
                <condition number="0" type="jump" coverage="20%"/>
              </conditions>
            </line>
            <line number="172" hits="4" branch="true" condition-coverage="28% (4/14)">
              <conditions>
                <condition number="0" type="jump" coverage="28%"/>
              </conditions>
            </line>
            <line number="173" hits="4" branch="true" condition-coverage="28% (4/14)">
              <conditions>
                <condition number="0" type="jump" coverage="28%"/>
              </conditions>
            </line>
            <line number="174" hits="4" branch="true" condition-coverage="28% (4/14)">
              <conditions>
                <condition number="0" type="jump" coverage="28%"/>
              </conditions>
            </line>
            <line number="175" hits="4" branch="true" condition-coverage="28% (4/14)">
              <conditions>
                <condition number="0" type="jump" coverage="28%"/>
              </conditions>
            </line>
            <line number="177" hits="4" branch="true" condition-coverage="28% (4/14)">
              <conditions>
                <condition number="0" type="jump" coverage="28%"/>
              </conditions>
            </line>
            <line number="178" hits="4" branch="true" condition-coverage="28% (4/14)">
              <conditions>
                <condition number="0" type="jump" coverage="28%"/>
              </conditions>
            </line>
            <line number="179" hits="4" branch="true" condition-coverage="28% (4/14)">
              <conditions>
                <condition number="0" type="jump" coverage="28%"/>
              </conditions>
            </line>
            <line number="180" hits="4" branch="true" condition-coverage="28% (4/14)">
              <conditions>
                <condition number="0" type="jump" coverage="28%"/>
              </conditions>
            </line>
            <line number="182" hits="4" branch="true" condition-coverage="20% (2/10)">
              <conditions>
                <condition number="0" type="jump" coverage="20%"/>
              </conditions>
            </line>
            <line number="183" hits="4" branch="true" condition-coverage="20% (2/10)">
              <conditions>
                <condition number="0" type="jump" coverage="20%"/>
              </conditions>
            </line>
            <line number="184" hits="4" branch="true" condition-coverage="20% (2/10)">
              <conditions>
                <condition number="0" type="jump" coverage="20%"/>
              </conditions>
            </line>
            <line number="185" hits="4" branch="true" condition-coverage="20% (2/10)">
              <conditions>
                <condition number="0" type="jump" coverage="20%"/>
              </conditions>
            </line>
            <line number="189" hits="4" branch="true" condition-coverage="50% (1/2)">
              <conditions>
                <condition number="0" type="jump" coverage="50%"/>
              </conditions>
            </line>
            <line number="190" hits="4" branch="true" condition-coverage="28% (4/14)">
              <conditions>
                <condition number="0" type="jump" coverage="28%"/>
              </conditions>
            </line>
            <line number="191" hits="4" branch="true" condition-coverage="28% (4/14)">
              <conditions>
                <condition number="0" type="jump" coverage="28%"/>
              </conditions>
            </line>
            <line number="192" hits="4" branch="true" condition-coverage="28% (4/14)">
              <conditions>
                <condition number="0" type="jump" coverage="28%"/>
              </conditions>
            </line>
            <line number="193" hits="4" branch="true" condition-coverage="28% (4/14)">
              <conditions>
                <condition number="0" type="jump" coverage="28%"/>
              </conditions>
            </line>
            <line number="195" hits="4" branch="false"/>
            <line number="196" hits="4" branch="false"/>
            <line number="197" hits="4" branch="false"/>
            <line number="202" hits="4" branch="true" condition-coverage="50% (1/2)">
              <conditions>
                <condition number="0" type="jump" coverage="50%"/>
              </conditions>
            </line>
            <line number="203" hits="4" branch="true" condition-coverage="50% (1/2)">
              <conditions>
                <condition number="0" type="jump" coverage="50%"/>
              </conditions>
            </line>
            <line number="204" hits="4" branch="true" condition-coverage="50% (1/2)">
              <conditions>
                <condition number="0" type="jump" coverage="50%"/>
              </conditions>
            </line>
            <line number="205" hits="4" branch="true" condition-coverage="50% (1/2)">
              <conditions>
                <condition number="0" type="jump" coverage="50%"/>
              </conditions>
            </line>
            <line number="213" hits="4" branch="true" condition-coverage="50% (1/2)">
              <conditions>
                <condition number="0" type="jump" coverage="50%"/>
              </conditions>
            </line>
            <line number="215" hits="4" branch="true" condition-coverage="28% (4/14)">
              <conditions>
                <condition number="0" type="jump" coverage="28%"/>
              </conditions>
            </line>
            <line number="216" hits="4" branch="true" condition-coverage="28% (4/14)">
              <conditions>
                <condition number="0" type="jump" coverage="28%"/>
              </conditions>
            </line>
            <line number="217" hits="4" branch="true" condition-coverage="28% (4/14)">
              <conditions>
                <condition number="0" type="jump" coverage="28%"/>
              </conditions>
            </line>
            <line number="219" hits="4" branch="true" condition-coverage="50% (1/2)">
              <conditions>
                <condition number="0" type="jump" coverage="50%"/>
              </conditions>
            </line>
            <line number="221" hits="4" branch="true" condition-coverage="28% (4/14)">
              <conditions>
                <condition number="0" type="jump" coverage="28%"/>
              </conditions>
            </line>
            <line number="222" hits="4" branch="true" condition-coverage="28% (4/14)">
              <conditions>
                <condition number="0" type="jump" coverage="28%"/>
              </conditions>
            </line>
            <line number="223" hits="4" branch="true" condition-coverage="28% (4/14)">
              <conditions>
                <condition number="0" type="jump" coverage="28%"/>
              </conditions>
            </line>
            <line number="227" hits="16" branch="false"/>
            <line number="230" hits="4" branch="false"/>
            <line number="277" hits="4" branch="false"/>
            <line number="283" hits="4" branch="false"/>
            <line number="293" hits="4" branch="false"/>
            <line number="294" hits="4" branch="false"/>
            <line number="301" hits="4" branch="false"/>
            <line number="302" hits="4" branch="false"/>
            <line number="306" hits="4" branch="false"/>
            <line number="308" hits="16" branch="false"/>
            <line number="310" hits="8" branch="true" condition-coverage="50% (3/6)">
              <conditions>
                <condition number="0" type="jump" coverage="50%"/>
              </conditions>
            </line>
            <line number="311" hits="8" branch="true" condition-coverage="50% (2/4)">
              <conditions>
                <condition number="0" type="jump" coverage="50%"/>
              </conditions>
            </line>
            <line number="313" hits="8" branch="false"/>
            <line number="314" hits="8" branch="false"/>
            <line number="316" hits="8" branch="true" condition-coverage="28% (4/14)">
              <conditions>
                <condition number="0" type="jump" coverage="28%"/>
              </conditions>
            </line>
            <line number="317" hits="8" branch="true" condition-coverage="28% (4/14)">
              <conditions>
                <condition number="0" type="jump" coverage="28%"/>
              </conditions>
            </line>
            <line number="318" hits="8" branch="true" condition-coverage="28% (4/14)">
              <conditions>
                <condition number="0" type="jump" coverage="28%"/>
              </conditions>
            </line>
            <line number="319" hits="10" branch="true" condition-coverage="28% (4/14)">
              <conditions>
                <condition number="0" type="jump" coverage="28%"/>
              </conditions>
            </line>
            <line number="321" hits="8" branch="true" condition-coverage="50% (2/4)">
              <conditions>
                <condition number="0" type="jump" coverage="50%"/>
              </conditions>
            </line>
            <line number="322" hits="8" branch="true" condition-coverage="50% (2/4)">
              <conditions>
                <condition number="0" type="jump" coverage="50%"/>
              </conditions>
            </line>
            <line number="323" hits="4" branch="true" condition-coverage="50% (1/2)">
              <conditions>
                <condition number="0" type="jump" coverage="50%"/>
              </conditions>
            </line>
            <line number="325" hits="8" branch="true" condition-coverage="20% (2/10)">
              <conditions>
                <condition number="0" type="jump" coverage="20%"/>
              </conditions>
            </line>
            <line number="326" hits="10" branch="true" condition-coverage="37% (6/16)">
              <conditions>
                <condition number="0" type="jump" coverage="37%"/>
              </conditions>
            </line>
            <line number="327" hits="10" branch="true" condition-coverage="37% (6/16)">
              <conditions>
                <condition number="0" type="jump" coverage="37%"/>
              </conditions>
            </line>
            <line number="328" hits="4" branch="false"/>
            <line number="330" hits="16" branch="false"/>
            <line number="331" hits="4" branch="false"/>
            <line number="332" hits="4" branch="false"/>
            <line number="333" hits="4" branch="true" condition-coverage="50% (1/2)">
              <conditions>
                <condition number="0" type="jump" coverage="50%"/>
              </conditions>
            </line>
            <line number="334" hits="4" branch="true" condition-coverage="50% (1/2)">
              <conditions>
                <condition number="0" type="jump" coverage="50%"/>
              </conditions>
            </line>
            <line number="335" hits="4" branch="true" condition-coverage="50% (1/2)">
              <conditions>
                <condition number="0" type="jump" coverage="50%"/>
              </conditions>
            </line>
            <line number="336" hits="4" branch="true" condition-coverage="50% (1/2)">
              <conditions>
                <condition number="0" type="jump" coverage="50%"/>
              </conditions>
            </line>
            <line number="337" hits="4" branch="false"/>
            <line number="338" hits="4" branch="false"/>
            <line number="350" hits="4" branch="false"/>
            <line number="360" hits="4" branch="false"/>
            <line number="362" hits="16" branch="false"/>
            <line number="369" hits="4" branch="false"/>
            <line number="371" hits="16" branch="false"/>
            <line number="421" hits="4" branch="false"/>
            <line number="422" hits="4" branch="false"/>
            <line number="423" hits="4" branch="false"/>
            <line number="424" hits="4" branch="false"/>
            <line number="455" hits="4" branch="false"/>
            <line number="456" hits="4" branch="false"/>
            <line number="458" hits="8" branch="false"/>
            <line number="460" hits="8" branch="false"/>
            <line number="461" hits="4" branch="false"/>
            <line number="487" hits="4" branch="false"/>
            <line number="489" hits="16" branch="false"/>
            <line number="490" hits="4" branch="false"/>
            <line number="491" hits="4" branch="false"/>
            <line number="493" hits="4" branch="false"/>
            <line number="502" hits="4" branch="false"/>
            <line number="524" hits="16" branch="false"/>
            <line number="525" hits="4" branch="false"/>
            <line number="526" hits="4" branch="false"/>
            <line number="527" hits="4" branch="false"/>
            <line number="528" hits="4" branch="false"/>
            <line number="529" hits="4" branch="false"/>
            <line number="537" hits="4" branch="false"/>
            <line number="538" hits="4" branch="false"/>
            <line number="539" hits="4" branch="false"/>
            <line number="553" hits="4" branch="true" condition-coverage="20% (2/10)">
              <conditions>
                <condition number="0" type="jump" coverage="20%"/>
              </conditions>
            </line>
            <line number="554" hits="4" branch="true" condition-coverage="50% (2/4)">
              <conditions>
                <condition number="0" type="jump" coverage="50%"/>
              </conditions>
            </line>
            <line number="555" hits="4" branch="true" condition-coverage="30% (6/20)">
              <conditions>
                <condition number="0" type="jump" coverage="30%"/>
              </conditions>
            </line>
            <line number="558" hits="4" branch="false"/>
            <line number="559" hits="4" branch="false"/>
            <line number="565" hits="16" branch="false"/>
            <line number="567" hits="4" branch="false"/>
            <line number="568" hits="20" branch="true" condition-coverage="50% (3/6)">
              <conditions>
                <condition number="0" type="jump" coverage="50%"/>
              </conditions>
            </line>
            <line number="569" hits="10" branch="false"/>
            <line number="570" hits="10" branch="false"/>
            <line number="571" hits="60" branch="false"/>
            <line number="573" hits="4" branch="true" condition-coverage="16% (2/12)">
              <conditions>
                <condition number="0" type="jump" coverage="16%"/>
              </conditions>
            </line>
            <line number="574" hits="4" branch="true" condition-coverage="16% (2/12)">
              <conditions>
                <condition number="0" type="jump" coverage="16%"/>
              </conditions>
            </line>
            <line number="575" hits="4" branch="true" condition-coverage="16% (2/12)">
              <conditions>
                <condition number="0" type="jump" coverage="16%"/>
              </conditions>
            </line>
            <line number="576" hits="4" branch="true" condition-coverage="16% (2/12)">
              <conditions>
                <condition number="0" type="jump" coverage="16%"/>
              </conditions>
            </line>
            <line number="577" hits="4" branch="true" condition-coverage="16% (2/12)">
              <conditions>
                <condition number="0" type="jump" coverage="16%"/>
              </conditions>
            </line>
            <line number="578" hits="4" branch="true" condition-coverage="16% (2/12)">
              <conditions>
                <condition number="0" type="jump" coverage="16%"/>
              </conditions>
            </line>
            <line number="579" hits="4" branch="true" condition-coverage="16% (2/12)">
              <conditions>
                <condition number="0" type="jump" coverage="16%"/>
              </conditions>
            </line>
            <line number="580" hits="4" branch="true" condition-coverage="17% (3/17)">
              <conditions>
                <condition number="0" type="jump" coverage="17%"/>
              </conditions>
            </line>
            <line number="581" hits="4" branch="true" condition-coverage="17% (3/17)">
              <conditions>
                <condition number="0" type="jump" coverage="17%"/>
              </conditions>
            </line>
            <line number="582" hits="4" branch="true" condition-coverage="17% (3/17)">
              <conditions>
                <condition number="0" type="jump" coverage="17%"/>
              </conditions>
            </line>
            <line number="583" hits="4" branch="true" condition-coverage="17% (3/17)">
              <conditions>
                <condition number="0" type="jump" coverage="17%"/>
              </conditions>
            </line>
            <line number="584" hits="4" branch="true" condition-coverage="15% (3/19)">
              <conditions>
                <condition number="0" type="jump" coverage="15%"/>
              </conditions>
            </line>
            <line number="585" hits="4" branch="true" condition-coverage="15% (3/19)">
              <conditions>
                <condition number="0" type="jump" coverage="15%"/>
              </conditions>
            </line>
            <line number="586" hits="4" branch="true" condition-coverage="17% (3/17)">
              <conditions>
                <condition number="0" type="jump" coverage="17%"/>
              </conditions>
            </line>
            <line number="587" hits="4" branch="true" condition-coverage="17% (3/17)">
              <conditions>
                <condition number="0" type="jump" coverage="17%"/>
              </conditions>
            </line>
            <line number="588" hits="4" branch="true" condition-coverage="16% (2/12)">
              <conditions>
                <condition number="0" type="jump" coverage="16%"/>
              </conditions>
            </line>
            <line number="589" hits="4" branch="true" condition-coverage="16% (2/12)">
              <conditions>
                <condition number="0" type="jump" coverage="16%"/>
              </conditions>
            </line>
            <line number="590" hits="4" branch="true" condition-coverage="21% (3/14)">
              <conditions>
                <condition number="0" type="jump" coverage="21%"/>
              </conditions>
            </line>
            <line number="591" hits="4" branch="true" condition-coverage="21% (3/14)">
              <conditions>
                <condition number="0" type="jump" coverage="21%"/>
              </conditions>
            </line>
            <line number="592" hits="4" branch="true" condition-coverage="21% (4/19)">
              <conditions>
                <condition number="0" type="jump" coverage="21%"/>
              </conditions>
            </line>
            <line number="593" hits="4" branch="true" condition-coverage="21% (4/19)">
              <conditions>
                <condition number="0" type="jump" coverage="21%"/>
              </conditions>
            </line>
            <line number="594" hits="4" branch="true" condition-coverage="27% (5/18)">
              <conditions>
                <condition number="0" type="jump" coverage="27%"/>
              </conditions>
            </line>
            <line number="595" hits="4" branch="true" condition-coverage="21% (3/14)">
              <conditions>
                <condition number="0" type="jump" coverage="21%"/>
              </conditions>
            </line>
            <line number="596" hits="4" branch="true" condition-coverage="27% (5/18)">
              <conditions>
                <condition number="0" type="jump" coverage="27%"/>
              </conditions>
            </line>
            <line number="597" hits="4" branch="true" condition-coverage="21% (3/14)">
              <conditions>
                <condition number="0" type="jump" coverage="21%"/>
              </conditions>
            </line>
            <line number="599" hits="4" branch="false"/>
            <line number="600" hits="4" branch="true" condition-coverage="16% (2/12)">
              <conditions>
                <condition number="0" type="jump" coverage="16%"/>
              </conditions>
            </line>
            <line number="601" hits="4" branch="true" condition-coverage="50% (1/2)">
              <conditions>
                <condition number="0" type="jump" coverage="50%"/>
              </conditions>
            </line>
            <line number="602" hits="4" branch="true" condition-coverage="16% (2/12)">
              <conditions>
                <condition number="0" type="jump" coverage="16%"/>
              </conditions>
            </line>
            <line number="604" hits="4" branch="true" condition-coverage="50% (1/2)">
              <conditions>
                <condition number="0" type="jump" coverage="50%"/>
              </conditions>
            </line>
            <line number="605" hits="4" branch="true" condition-coverage="50% (1/2)">
              <conditions>
                <condition number="0" type="jump" coverage="50%"/>
              </conditions>
            </line>
            <line number="606" hits="4" branch="true" condition-coverage="10% (1/10)">
              <conditions>
                <condition number="0" type="jump" coverage="10%"/>
              </conditions>
            </line>
            <line number="607" hits="4" branch="true" condition-coverage="16% (2/12)">
              <conditions>
                <condition number="0" type="jump" coverage="16%"/>
              </conditions>
            </line>
            <line number="608" hits="4" branch="true" condition-coverage="16% (2/12)">
              <conditions>
                <condition number="0" type="jump" coverage="16%"/>
              </conditions>
            </line>
            <line number="610" hits="4" branch="true" condition-coverage="10% (1/10)">
              <conditions>
                <condition number="0" type="jump" coverage="10%"/>
              </conditions>
            </line>
            <line number="613" hits="8" branch="true" condition-coverage="50% (2/4)">
              <conditions>
                <condition number="0" type="jump" coverage="50%"/>
              </conditions>
            </line>
            <line number="614" hits="4" branch="true" condition-coverage="21% (3/14)">
              <conditions>
                <condition number="0" type="jump" coverage="21%"/>
              </conditions>
            </line>
            <line number="617" hits="4" branch="true" condition-coverage="17% (3/17)">
              <conditions>
                <condition number="0" type="jump" coverage="17%"/>
              </conditions>
            </line>
            <line number="618" hits="4" branch="true" condition-coverage="17% (3/17)">
              <conditions>
                <condition number="0" type="jump" coverage="17%"/>
              </conditions>
            </line>
            <line number="619" hits="4" branch="true" condition-coverage="17% (3/17)">
              <conditions>
                <condition number="0" type="jump" coverage="17%"/>
              </conditions>
            </line>
            <line number="620" hits="4" branch="true" condition-coverage="17% (3/17)">
              <conditions>
                <condition number="0" type="jump" coverage="17%"/>
              </conditions>
            </line>
            <line number="621" hits="4" branch="true" condition-coverage="17% (3/17)">
              <conditions>
                <condition number="0" type="jump" coverage="17%"/>
              </conditions>
            </line>
            <line number="624" hits="4" branch="false"/>
            <line number="625" hits="4" branch="true" condition-coverage="16% (2/12)">
              <conditions>
                <condition number="0" type="jump" coverage="16%"/>
              </conditions>
            </line>
            <line number="626" hits="4" branch="true" condition-coverage="17% (3/17)">
              <conditions>
                <condition number="0" type="jump" coverage="17%"/>
              </conditions>
            </line>
            <line number="630" hits="4" branch="false"/>
            <line number="631" hits="66" branch="false"/>
            <line number="632" hits="4" branch="true" condition-coverage="50% (1/2)">
              <conditions>
                <condition number="0" type="jump" coverage="50%"/>
              </conditions>
            </line>
            <line number="633" hits="4" branch="true" condition-coverage="50% (1/2)">
              <conditions>
                <condition number="0" type="jump" coverage="50%"/>
              </conditions>
            </line>
            <line number="634" hits="4" branch="true" condition-coverage="50% (1/2)">
              <conditions>
                <condition number="0" type="jump" coverage="50%"/>
              </conditions>
            </line>
            <line number="636" hits="4" branch="true" condition-coverage="20% (2/10)">
              <conditions>
                <condition number="0" type="jump" coverage="20%"/>
              </conditions>
            </line>
            <line number="637" hits="4" branch="true" condition-coverage="20% (2/10)">
              <conditions>
                <condition number="0" type="jump" coverage="20%"/>
              </conditions>
            </line>
            <line number="638" hits="4" branch="true" condition-coverage="20% (2/10)">
              <conditions>
                <condition number="0" type="jump" coverage="20%"/>
              </conditions>
            </line>
            <line number="642" hits="16" branch="false"/>
            <line number="643" hits="4" branch="false"/>
            <line number="646" hits="4" branch="true" condition-coverage="50% (1/2)">
              <conditions>
                <condition number="0" type="jump" coverage="50%"/>
              </conditions>
            </line>
            <line number="647" hits="4" branch="true" condition-coverage="50% (1/2)">
              <conditions>
                <condition number="0" type="jump" coverage="50%"/>
              </conditions>
            </line>
            <line number="649" hits="4" branch="true" condition-coverage="10% (1/10)">
              <conditions>
                <condition number="0" type="jump" coverage="10%"/>
              </conditions>
            </line>
            <line number="650" hits="4" branch="true" condition-coverage="10% (1/10)">
              <conditions>
                <condition number="0" type="jump" coverage="10%"/>
              </conditions>
            </line>
            <line number="651" hits="4" branch="true" condition-coverage="10% (1/10)">
              <conditions>
                <condition number="0" type="jump" coverage="10%"/>
              </conditions>
            </line>
            <line number="655" hits="4" branch="true" condition-coverage="50% (1/2)">
              <conditions>
                <condition number="0" type="jump" coverage="50%"/>
              </conditions>
            </line>
            <line number="656" hits="4" branch="true" condition-coverage="50% (1/2)">
              <conditions>
                <condition number="0" type="jump" coverage="50%"/>
              </conditions>
            </line>
            <line number="658" hits="4" branch="true" condition-coverage="10% (1/10)">
              <conditions>
                <condition number="0" type="jump" coverage="10%"/>
              </conditions>
            </line>
            <line number="659" hits="4" branch="true" condition-coverage="10% (1/10)">
              <conditions>
                <condition number="0" type="jump" coverage="10%"/>
              </conditions>
            </line>
            <line number="660" hits="4" branch="true" condition-coverage="10% (1/10)">
              <conditions>
                <condition number="0" type="jump" coverage="10%"/>
              </conditions>
            </line>
            <line number="664" hits="4" branch="true" condition-coverage="50% (1/2)">
              <conditions>
                <condition number="0" type="jump" coverage="50%"/>
              </conditions>
            </line>
            <line number="665" hits="4" branch="true" condition-coverage="50% (1/2)">
              <conditions>
                <condition number="0" type="jump" coverage="50%"/>
              </conditions>
            </line>
            <line number="667" hits="4" branch="true" condition-coverage="10% (1/10)">
              <conditions>
                <condition number="0" type="jump" coverage="10%"/>
              </conditions>
            </line>
            <line number="668" hits="4" branch="true" condition-coverage="10% (1/10)">
              <conditions>
                <condition number="0" type="jump" coverage="10%"/>
              </conditions>
            </line>
            <line number="672" hits="4" branch="false"/>
            <line number="673" hits="4" branch="false"/>
            <line number="675" hits="4" branch="true" condition-coverage="50% (1/2)">
              <conditions>
                <condition number="0" type="jump" coverage="50%"/>
              </conditions>
            </line>
            <line number="676" hits="4" branch="true" condition-coverage="50% (1/2)">
              <conditions>
                <condition number="0" type="jump" coverage="50%"/>
              </conditions>
            </line>
            <line number="677" hits="4" branch="true" condition-coverage="50% (1/2)">
              <conditions>
                <condition number="0" type="jump" coverage="50%"/>
              </conditions>
            </line>
            <line number="678" hits="4" branch="true" condition-coverage="50% (1/2)">
              <conditions>
                <condition number="0" type="jump" coverage="50%"/>
              </conditions>
            </line>
            <line number="680" hits="4" branch="true" condition-coverage="10% (1/10)">
              <conditions>
                <condition number="0" type="jump" coverage="10%"/>
              </conditions>
            </line>
            <line number="681" hits="4" branch="true" condition-coverage="10% (1/10)">
              <conditions>
                <condition number="0" type="jump" coverage="10%"/>
              </conditions>
            </line>
            <line number="682" hits="4" branch="true" condition-coverage="10% (1/10)">
              <conditions>
                <condition number="0" type="jump" coverage="10%"/>
              </conditions>
            </line>
            <line number="683" hits="4" branch="true" condition-coverage="10% (1/10)">
              <conditions>
                <condition number="0" type="jump" coverage="10%"/>
              </conditions>
            </line>
            <line number="684" hits="4" branch="true" condition-coverage="10% (1/10)">
              <conditions>
                <condition number="0" type="jump" coverage="10%"/>
              </conditions>
            </line>
            <line number="685" hits="4" branch="true" condition-coverage="10% (1/10)">
              <conditions>
                <condition number="0" type="jump" coverage="10%"/>
              </conditions>
            </line>
            <line number="699" hits="16" branch="false"/>
            <line number="705" hits="4" branch="false"/>
            <line number="707" hits="16" branch="false"/>
            <line number="709" hits="4" branch="false"/>
            <line number="710" hits="4" branch="false"/>
            <line number="711" hits="2" branch="false"/>
            <line number="712" hits="2" branch="false"/>
            <line number="713" hits="4" branch="true" condition-coverage="16% (2/12)">
              <conditions>
                <condition number="0" type="jump" coverage="16%"/>
              </conditions>
            </line>
            <line number="714" hits="4" branch="true" condition-coverage="16% (2/12)">
              <conditions>
                <condition number="0" type="jump" coverage="16%"/>
              </conditions>
            </line>
            <line number="716" hits="4" branch="true" condition-coverage="21% (3/14)">
              <conditions>
                <condition number="0" type="jump" coverage="21%"/>
              </conditions>
            </line>
            <line number="717" hits="4" branch="true" condition-coverage="21% (3/14)">
              <conditions>
                <condition number="0" type="jump" coverage="21%"/>
              </conditions>
            </line>
            <line number="718" hits="4" branch="true" condition-coverage="16% (2/12)">
              <conditions>
                <condition number="0" type="jump" coverage="16%"/>
              </conditions>
            </line>
            <line number="719" hits="4" branch="true" condition-coverage="16% (2/12)">
              <conditions>
                <condition number="0" type="jump" coverage="16%"/>
              </conditions>
            </line>
            <line number="722" hits="16" branch="false"/>
            <line number="724" hits="4" branch="false"/>
            <line number="725" hits="4" branch="false"/>
            <line number="726" hits="4" branch="false"/>
            <line number="727" hits="4" branch="true" condition-coverage="10% (1/10)">
              <conditions>
                <condition number="0" type="jump" coverage="10%"/>
              </conditions>
            </line>
            <line number="728" hits="4" branch="true" condition-coverage="21% (3/14)">
              <conditions>
                <condition number="0" type="jump" coverage="21%"/>
              </conditions>
            </line>
            <line number="729" hits="4" branch="true" condition-coverage="21% (3/14)">
              <conditions>
                <condition number="0" type="jump" coverage="21%"/>
              </conditions>
            </line>
            <line number="732" hits="16" branch="false"/>
            <line number="734" hits="4" branch="false"/>
            <line number="735" hits="4" branch="false"/>
            <line number="736" hits="4" branch="false"/>
            <line number="737" hits="4" branch="false"/>
            <line number="738" hits="374" branch="false"/>
            <line number="739" hits="76" branch="false"/>
            <line number="740" hits="50" branch="false"/>
            <line number="741" hits="4" branch="true" condition-coverage="21% (3/14)">
              <conditions>
                <condition number="0" type="jump" coverage="21%"/>
              </conditions>
            </line>
            <line number="742" hits="4" branch="true" condition-coverage="21% (3/14)">
              <conditions>
                <condition number="0" type="jump" coverage="21%"/>
              </conditions>
            </line>
            <line number="743" hits="4" branch="true" condition-coverage="25% (4/16)">
              <conditions>
                <condition number="0" type="jump" coverage="25%"/>
              </conditions>
            </line>
            <line number="745" hits="4" branch="true" condition-coverage="50% (1/2)">
              <conditions>
                <condition number="0" type="jump" coverage="50%"/>
              </conditions>
            </line>
            <line number="746" hits="4" branch="true" condition-coverage="50% (1/2)">
              <conditions>
                <condition number="0" type="jump" coverage="50%"/>
              </conditions>
            </line>
            <line number="747" hits="4" branch="false"/>
            <line number="748" hits="4" branch="true" condition-coverage="50% (1/2)">
              <conditions>
                <condition number="0" type="jump" coverage="50%"/>
              </conditions>
            </line>
            <line number="749" hits="4" branch="true" condition-coverage="25% (4/16)">
              <conditions>
                <condition number="0" type="jump" coverage="25%"/>
              </conditions>
            </line>
            <line number="750" hits="4" branch="true" condition-coverage="50% (1/2)">
              <conditions>
                <condition number="0" type="jump" coverage="50%"/>
              </conditions>
            </line>
            <line number="751" hits="4" branch="true" condition-coverage="21% (3/14)">
              <conditions>
                <condition number="0" type="jump" coverage="21%"/>
              </conditions>
            </line>
            <line number="752" hits="4" branch="true" condition-coverage="21% (3/14)">
              <conditions>
                <condition number="0" type="jump" coverage="21%"/>
              </conditions>
            </line>
            <line number="753" hits="4" branch="true" condition-coverage="10% (1/10)">
              <conditions>
                <condition number="0" type="jump" coverage="10%"/>
              </conditions>
            </line>
            <line number="754" hits="4" branch="true" condition-coverage="10% (1/10)">
              <conditions>
                <condition number="0" type="jump" coverage="10%"/>
              </conditions>
            </line>
            <line number="755" hits="4" branch="true" condition-coverage="10% (1/10)">
              <conditions>
                <condition number="0" type="jump" coverage="10%"/>
              </conditions>
            </line>
            <line number="756" hits="4" branch="true" condition-coverage="10% (1/10)">
              <conditions>
                <condition number="0" type="jump" coverage="10%"/>
              </conditions>
            </line>
            <line number="759" hits="16" branch="false"/>
            <line number="761" hits="4" branch="false"/>
            <line number="762" hits="4" branch="false"/>
            <line number="763" hits="4" branch="false"/>
            <line number="765" hits="4" branch="false"/>
            <line number="767" hits="434" branch="false"/>
            <line number="768" hits="4" branch="true" condition-coverage="21% (3/14)">
              <conditions>
                <condition number="0" type="jump" coverage="21%"/>
              </conditions>
            </line>
            <line number="769" hits="4" branch="true" condition-coverage="21% (3/14)">
              <conditions>
                <condition number="0" type="jump" coverage="21%"/>
              </conditions>
            </line>
            <line number="771" hits="52" branch="true" condition-coverage="21% (3/14)">
              <conditions>
                <condition number="0" type="jump" coverage="21%"/>
              </conditions>
            </line>
            <line number="774" hits="4" branch="true" condition-coverage="25% (4/16)">
              <conditions>
                <condition number="0" type="jump" coverage="25%"/>
              </conditions>
            </line>
            <line number="776" hits="4" branch="true" condition-coverage="25% (4/16)">
              <conditions>
                <condition number="0" type="jump" coverage="25%"/>
              </conditions>
            </line>
            <line number="779" hits="4" branch="true" condition-coverage="25% (4/16)">
              <conditions>
                <condition number="0" type="jump" coverage="25%"/>
              </conditions>
            </line>
            <line number="782" hits="4" branch="true" condition-coverage="25% (4/16)">
              <conditions>
                <condition number="0" type="jump" coverage="25%"/>
              </conditions>
            </line>
            <line number="784" hits="4" branch="true" condition-coverage="50% (1/2)">
              <conditions>
                <condition number="0" type="jump" coverage="50%"/>
              </conditions>
            </line>
            <line number="785" hits="4" branch="true" condition-coverage="50% (1/2)">
              <conditions>
                <condition number="0" type="jump" coverage="50%"/>
              </conditions>
            </line>
            <line number="786" hits="4" branch="true" condition-coverage="20% (2/10)">
              <conditions>
                <condition number="0" type="jump" coverage="20%"/>
              </conditions>
            </line>
            <line number="789" hits="16" branch="false"/>
            <line number="792" hits="4" branch="false"/>
            <line number="793" hits="4" branch="false"/>
            <line number="794" hits="4" branch="true" condition-coverage="50% (6/12)">
              <conditions>
                <condition number="0" type="jump" coverage="50%"/>
              </conditions>
            </line>
            <line number="795" hits="356" branch="true" condition-coverage="50% (2/4)">
              <conditions>
                <condition number="0" type="jump" coverage="50%"/>
              </conditions>
            </line>
            <line number="796" hits="4" branch="true" condition-coverage="16% (2/12)">
              <conditions>
                <condition number="0" type="jump" coverage="16%"/>
              </conditions>
            </line>
            <line number="798" hits="16" branch="true" condition-coverage="50% (2/4)">
              <conditions>
                <condition number="0" type="jump" coverage="50%"/>
              </conditions>
            </line>
            <line number="799" hits="16" branch="true" condition-coverage="50% (2/4)">
              <conditions>
                <condition number="0" type="jump" coverage="50%"/>
              </conditions>
            </line>
            <line number="800" hits="16" branch="true" condition-coverage="50% (2/4)">
              <conditions>
                <condition number="0" type="jump" coverage="50%"/>
              </conditions>
            </line>
            <line number="802" hits="16" branch="true" condition-coverage="50% (1/2)">
              <conditions>
                <condition number="0" type="jump" coverage="50%"/>
              </conditions>
            </line>
            <line number="804" hits="16" branch="true" condition-coverage="50% (1/2)">
              <conditions>
                <condition number="0" type="jump" coverage="50%"/>
              </conditions>
            </line>
            <line number="806" hits="16" branch="true" condition-coverage="50% (1/2)">
              <conditions>
                <condition number="0" type="jump" coverage="50%"/>
              </conditions>
            </line>
            <line number="808" hits="4" branch="true" condition-coverage="16% (2/12)">
              <conditions>
                <condition number="0" type="jump" coverage="16%"/>
              </conditions>
            </line>
            <line number="809" hits="4" branch="true" condition-coverage="16% (2/12)">
              <conditions>
                <condition number="0" type="jump" coverage="16%"/>
              </conditions>
            </line>
            <line number="810" hits="4" branch="true" condition-coverage="16% (2/12)">
              <conditions>
                <condition number="0" type="jump" coverage="16%"/>
              </conditions>
            </line>
            <line number="812" hits="4" branch="true" condition-coverage="16% (2/12)">
              <conditions>
                <condition number="0" type="jump" coverage="16%"/>
              </conditions>
            </line>
            <line number="813" hits="4" branch="true" condition-coverage="16% (2/12)">
              <conditions>
                <condition number="0" type="jump" coverage="16%"/>
              </conditions>
            </line>
            <line number="814" hits="4" branch="true" condition-coverage="16% (2/12)">
              <conditions>
                <condition number="0" type="jump" coverage="16%"/>
              </conditions>
            </line>
            <line number="821" hits="16" branch="false"/>
            <line number="822" hits="4" branch="false"/>
            <line number="823" hits="4" branch="true" condition-coverage="21% (3/14)">
              <conditions>
                <condition number="0" type="jump" coverage="21%"/>
              </conditions>
            </line>
            <line number="824" hits="4" branch="true" condition-coverage="21% (3/14)">
              <conditions>
                <condition number="0" type="jump" coverage="21%"/>
              </conditions>
            </line>
            <line number="825" hits="4" branch="true" condition-coverage="25% (4/16)">
              <conditions>
                <condition number="0" type="jump" coverage="25%"/>
              </conditions>
            </line>
            <line number="826" hits="38" branch="true" condition-coverage="25% (4/16)">
              <conditions>
                <condition number="0" type="jump" coverage="25%"/>
              </conditions>
            </line>
            <line number="830" hits="16" branch="false"/>
            <line number="833" hits="4" branch="true" condition-coverage="50% (5/10)">
              <conditions>
                <condition number="0" type="jump" coverage="50%"/>
              </conditions>
            </line>
            <line number="834" hits="4" branch="true" condition-coverage="50% (5/10)">
              <conditions>
                <condition number="0" type="jump" coverage="50%"/>
              </conditions>
            </line>
            <line number="835" hits="4" branch="false"/>
            <line number="837" hits="4" branch="false"/>
            <line number="838" hits="24" branch="true" condition-coverage="75% (3/4)">
              <conditions>
                <condition number="0" type="jump" coverage="75%"/>
              </conditions>
            </line>
            <line number="839" hits="20" branch="true" condition-coverage="10% (1/10)">
              <conditions>
                <condition number="0" type="jump" coverage="10%"/>
              </conditions>
            </line>
            <line number="840" hits="20" branch="true" condition-coverage="10% (1/10)">
              <conditions>
                <condition number="0" type="jump" coverage="10%"/>
              </conditions>
            </line>
            <line number="841" hits="20" branch="true" condition-coverage="50% (1/2)">
              <conditions>
                <condition number="0" type="jump" coverage="50%"/>
              </conditions>
            </line>
            <line number="844" hits="24" branch="true" condition-coverage="66% (4/6)">
              <conditions>
                <condition number="0" type="jump" coverage="66%"/>
              </conditions>
            </line>
            <line number="845" hits="20" branch="false"/>
            <line number="848" hits="20" branch="true" condition-coverage="10% (1/10)">
              <conditions>
                <condition number="0" type="jump" coverage="10%"/>
              </conditions>
            </line>
            <line number="849" hits="20" branch="true" condition-coverage="10% (1/10)">
              <conditions>
                <condition number="0" type="jump" coverage="10%"/>
              </conditions>
            </line>
            <line number="850" hits="20" branch="true" condition-coverage="10% (1/10)">
              <conditions>
                <condition number="0" type="jump" coverage="10%"/>
              </conditions>
            </line>
            <line number="853" hits="4" branch="true" condition-coverage="31% (7/22)">
              <conditions>
                <condition number="0" type="jump" coverage="31%"/>
              </conditions>
            </line>
            <line number="856" hits="16" branch="false"/>
            <line number="858" hits="4" branch="false"/>
            <line number="859" hits="4" branch="true" condition-coverage="50% (1/2)">
              <conditions>
                <condition number="0" type="jump" coverage="50%"/>
              </conditions>
            </line>
            <line number="860" hits="4" branch="true" condition-coverage="50% (1/2)">
              <conditions>
                <condition number="0" type="jump" coverage="50%"/>
              </conditions>
            </line>
            <line number="862" hits="4" branch="false"/>
            <line number="863" hits="12" branch="true" condition-coverage="60% (6/10)">
              <conditions>
                <condition number="0" type="jump" coverage="60%"/>
              </conditions>
            </line>
            <line number="864" hits="8" branch="true" condition-coverage="10% (1/10)">
              <conditions>
                <condition number="0" type="jump" coverage="10%"/>
              </conditions>
            </line>
            <line number="868" hits="4" branch="true" condition-coverage="50% (3/6)">
              <conditions>
                <condition number="0" type="jump" coverage="50%"/>
              </conditions>
            </line>
            <line number="870" hits="16" branch="true" condition-coverage="60% (6/10)">
              <conditions>
                <condition number="0" type="jump" coverage="60%"/>
              </conditions>
            </line>
            <line number="871" hits="12" branch="true" condition-coverage="21% (3/14)">
              <conditions>
                <condition number="0" type="jump" coverage="21%"/>
              </conditions>
            </line>
            <line number="882" hits="16" branch="false"/>
            <line number="883" hits="4" branch="false"/>
            <line number="884" hits="4" branch="true" condition-coverage="50% (1/2)">
              <conditions>
                <condition number="0" type="jump" coverage="50%"/>
              </conditions>
            </line>
            <line number="885" hits="2" branch="false"/>
            <line number="886" hits="4" branch="false"/>
            <line number="887" hits="4" branch="true" condition-coverage="50% (1/2)">
              <conditions>
                <condition number="0" type="jump" coverage="50%"/>
              </conditions>
            </line>
            <line number="888" hits="2" branch="false"/>
            <line number="891" hits="6" branch="true" condition-coverage="50% (1/2)">
              <conditions>
                <condition number="0" type="jump" coverage="50%"/>
              </conditions>
            </line>
            <line number="895" hits="4" branch="true" condition-coverage="50% (1/2)">
              <conditions>
                <condition number="0" type="jump" coverage="50%"/>
              </conditions>
            </line>
            <line number="896" hits="2" branch="false"/>
            <line number="897" hits="4" branch="false"/>
            <line number="898" hits="4" branch="true" condition-coverage="50% (1/2)">
              <conditions>
                <condition number="0" type="jump" coverage="50%"/>
              </conditions>
            </line>
            <line number="899" hits="2" branch="false"/>
            <line number="902" hits="4" branch="false"/>
            <line number="923" hits="4" branch="false"/>
            <line number="925" hits="16" branch="false"/>
            <line number="935" hits="20" branch="false"/>
            <line number="939" hits="4" branch="true" condition-coverage="16% (2/12)">
              <conditions>
                <condition number="0" type="jump" coverage="16%"/>
              </conditions>
            </line>
            <line number="940" hits="4" branch="true" condition-coverage="16% (2/12)">
              <conditions>
                <condition number="0" type="jump" coverage="16%"/>
              </conditions>
            </line>
            <line number="941" hits="4" branch="true" condition-coverage="16% (2/12)">
              <conditions>
                <condition number="0" type="jump" coverage="16%"/>
              </conditions>
            </line>
            <line number="942" hits="4" branch="true" condition-coverage="16% (2/12)">
              <conditions>
                <condition number="0" type="jump" coverage="16%"/>
              </conditions>
            </line>
            <line number="943" hits="4" branch="true" condition-coverage="16% (2/12)">
              <conditions>
                <condition number="0" type="jump" coverage="16%"/>
              </conditions>
            </line>
            <line number="945" hits="4" branch="true" condition-coverage="16% (2/12)">
              <conditions>
                <condition number="0" type="jump" coverage="16%"/>
              </conditions>
            </line>
            <line number="946" hits="4" branch="true" condition-coverage="16% (2/12)">
              <conditions>
                <condition number="0" type="jump" coverage="16%"/>
              </conditions>
            </line>
            <line number="947" hits="4" branch="true" condition-coverage="16% (2/12)">
              <conditions>
                <condition number="0" type="jump" coverage="16%"/>
              </conditions>
            </line>
            <line number="948" hits="4" branch="true" condition-coverage="16% (2/12)">
              <conditions>
                <condition number="0" type="jump" coverage="16%"/>
              </conditions>
            </line>
            <line number="949" hits="4" branch="true" condition-coverage="27% (5/18)">
              <conditions>
                <condition number="0" type="jump" coverage="27%"/>
              </conditions>
            </line>
            <line number="952" hits="12" branch="false"/>
            <line number="956" hits="4" branch="true" condition-coverage="10% (1/10)">
              <conditions>
                <condition number="0" type="jump" coverage="10%"/>
              </conditions>
            </line>
            <line number="957" hits="4" branch="true" condition-coverage="16% (2/12)">
              <conditions>
                <condition number="0" type="jump" coverage="16%"/>
              </conditions>
            </line>
            <line number="958" hits="4" branch="true" condition-coverage="16% (2/12)">
              <conditions>
                <condition number="0" type="jump" coverage="16%"/>
              </conditions>
            </line>
            <line number="959" hits="4" branch="true" condition-coverage="25% (4/16)">
              <conditions>
                <condition number="0" type="jump" coverage="25%"/>
              </conditions>
            </line>
            <line number="960" hits="4" branch="true" condition-coverage="27% (5/18)">
              <conditions>
                <condition number="0" type="jump" coverage="27%"/>
              </conditions>
            </line>
            <line number="962" hits="4" branch="true" condition-coverage="27% (5/18)">
              <conditions>
                <condition number="0" type="jump" coverage="27%"/>
              </conditions>
            </line>
            <line number="964" hits="4" branch="true" condition-coverage="50% (1/2)">
              <conditions>
                <condition number="0" type="jump" coverage="50%"/>
              </conditions>
            </line>
            <line number="965" hits="4" branch="true" condition-coverage="50% (1/2)">
              <conditions>
                <condition number="0" type="jump" coverage="50%"/>
              </conditions>
            </line>
            <line number="967" hits="2" branch="true" condition-coverage="50% (4/8)">
              <conditions>
                <condition number="0" type="jump" coverage="50%"/>
              </conditions>
            </line>
            <line number="968" hits="4" branch="true" condition-coverage="50% (1/2)">
              <conditions>
                <condition number="0" type="jump" coverage="50%"/>
              </conditions>
            </line>
            <line number="969" hits="4" branch="true" condition-coverage="50% (2/4)">
              <conditions>
                <condition number="0" type="jump" coverage="50%"/>
              </conditions>
            </line>
            <line number="970" hits="4" branch="true" condition-coverage="50% (1/2)">
              <conditions>
                <condition number="0" type="jump" coverage="50%"/>
              </conditions>
            </line>
            <line number="971" hits="4" branch="true" condition-coverage="10% (1/10)">
              <conditions>
                <condition number="0" type="jump" coverage="10%"/>
              </conditions>
            </line>
            <line number="978" hits="16" branch="false"/>
            <line number="979" hits="4" branch="false"/>
            <line number="980" hits="18" branch="false"/>
            <line number="981" hits="4" branch="true" condition-coverage="16% (2/12)">
              <conditions>
                <condition number="0" type="jump" coverage="16%"/>
              </conditions>
            </line>
            <line number="982" hits="4" branch="true" condition-coverage="16% (2/12)">
              <conditions>
                <condition number="0" type="jump" coverage="16%"/>
              </conditions>
            </line>
            <line number="984" hits="14" branch="true" condition-coverage="50% (10/20)">
              <conditions>
                <condition number="0" type="jump" coverage="50%"/>
              </conditions>
            </line>
            <line number="987" hits="28" branch="false"/>
            <line number="991" hits="4" branch="false"/>
            <line number="992" hits="4" branch="false"/>
            <line number="993" hits="4" branch="false"/>
            <line number="995" hits="4" branch="false"/>
            <line number="996" hits="4" branch="false"/>
            <line number="997" hits="28" branch="false"/>
            <line number="998" hits="4" branch="true" condition-coverage="21% (3/14)">
              <conditions>
                <condition number="0" type="jump" coverage="21%"/>
              </conditions>
            </line>
            <line number="999" hits="4" branch="true" condition-coverage="21% (3/14)">
              <conditions>
                <condition number="0" type="jump" coverage="21%"/>
              </conditions>
            </line>
            <line number="1000" hits="4" branch="true" condition-coverage="21% (3/14)">
              <conditions>
                <condition number="0" type="jump" coverage="21%"/>
              </conditions>
            </line>
            <line number="1001" hits="4" branch="true" condition-coverage="21% (3/14)">
              <conditions>
                <condition number="0" type="jump" coverage="21%"/>
              </conditions>
            </line>
            <line number="1002" hits="4" branch="true" condition-coverage="21% (3/14)">
              <conditions>
                <condition number="0" type="jump" coverage="21%"/>
              </conditions>
            </line>
            <line number="1005" hits="16" branch="false"/>
            <line number="1007" hits="32" branch="true" condition-coverage="50% (7/14)">
              <conditions>
                <condition number="0" type="jump" coverage="50%"/>
              </conditions>
            </line>
            <line number="1009" hits="4" branch="true" condition-coverage="21% (3/14)">
              <conditions>
                <condition number="0" type="jump" coverage="21%"/>
              </conditions>
            </line>
            <line number="1010" hits="4" branch="true" condition-coverage="21% (3/14)">
              <conditions>
                <condition number="0" type="jump" coverage="21%"/>
              </conditions>
            </line>
            <line number="1011" hits="4" branch="true" condition-coverage="21% (3/14)">
              <conditions>
                <condition number="0" type="jump" coverage="21%"/>
              </conditions>
            </line>
            <line number="1012" hits="4" branch="true" condition-coverage="21% (3/14)">
              <conditions>
                <condition number="0" type="jump" coverage="21%"/>
              </conditions>
            </line>
            <line number="1013" hits="4" branch="true" condition-coverage="27% (5/18)">
              <conditions>
                <condition number="0" type="jump" coverage="27%"/>
              </conditions>
            </line>
            <line number="1014" hits="4" branch="true" condition-coverage="21% (3/14)">
              <conditions>
                <condition number="0" type="jump" coverage="21%"/>
              </conditions>
            </line>
            <line number="1015" hits="4" branch="true" condition-coverage="21% (3/14)">
              <conditions>
                <condition number="0" type="jump" coverage="21%"/>
              </conditions>
            </line>
            <line number="1016" hits="4" branch="true" condition-coverage="21% (3/14)">
              <conditions>
                <condition number="0" type="jump" coverage="21%"/>
              </conditions>
            </line>
            <line number="1017" hits="4" branch="true" condition-coverage="21% (3/14)">
              <conditions>
                <condition number="0" type="jump" coverage="21%"/>
              </conditions>
            </line>
            <line number="1019" hits="4" branch="true" condition-coverage="50% (1/2)">
              <conditions>
                <condition number="0" type="jump" coverage="50%"/>
              </conditions>
            </line>
            <line number="1021" hits="4" branch="true" condition-coverage="16% (2/12)">
              <conditions>
                <condition number="0" type="jump" coverage="16%"/>
              </conditions>
            </line>
            <line number="1022" hits="6" branch="true" condition-coverage="25% (3/12)">
              <conditions>
                <condition number="0" type="jump" coverage="25%"/>
              </conditions>
            </line>
            <line number="1025" hits="16" branch="false"/>
            <line number="1037" hits="4" branch="false"/>
            <line number="1039" hits="16" branch="false"/>
            <line number="1043" hits="12" branch="false"/>
            <line number="1044" hits="42" branch="true" condition-coverage="100% (2/2)">
              <conditions>
                <condition number="0" type="jump" coverage="100%"/>
              </conditions>
            </line>
            <line number="1045" hits="30" branch="true" condition-coverage="50% (1/2)">
              <conditions>
                <condition number="0" type="jump" coverage="50%"/>
              </conditions>
            </line>
            <line number="1049" hits="4" branch="false"/>
            <line number="1050" hits="76" branch="false"/>
            <line number="1051" hits="4" branch="true" condition-coverage="50% (1/2)">
              <conditions>
                <condition number="0" type="jump" coverage="50%"/>
              </conditions>
            </line>
            <line number="1052" hits="4" branch="false"/>
            <line number="1053" hits="4" branch="true" condition-coverage="16% (2/12)">
              <conditions>
                <condition number="0" type="jump" coverage="16%"/>
              </conditions>
            </line>
            <line number="1055" hits="4" branch="true" condition-coverage="50% (6/12)">
              <conditions>
                <condition number="0" type="jump" coverage="50%"/>
              </conditions>
            </line>
            <line number="1056" hits="40" branch="false"/>
            <line number="1057" hits="20" branch="false"/>
            <line number="1058" hits="30" branch="false"/>
            <line number="1059" hits="20" branch="false"/>
            <line number="1060" hits="20" branch="false"/>
            <line number="1061" hits="40" branch="false"/>
            <line number="1063" hits="4" branch="true" condition-coverage="21% (3/14)">
              <conditions>
                <condition number="0" type="jump" coverage="21%"/>
              </conditions>
            </line>
            <line number="1064" hits="4" branch="true" condition-coverage="21% (3/14)">
              <conditions>
                <condition number="0" type="jump" coverage="21%"/>
              </conditions>
            </line>
            <line number="1065" hits="4" branch="true" condition-coverage="25% (4/16)">
              <conditions>
                <condition number="0" type="jump" coverage="25%"/>
              </conditions>
            </line>
            <line number="1069" hits="4" branch="false"/>
            <line number="1070" hits="4" branch="true" condition-coverage="50% (2/4)">
              <conditions>
                <condition number="0" type="jump" coverage="50%"/>
              </conditions>
            </line>
            <line number="1072" hits="4" branch="true" condition-coverage="16% (2/12)">
              <conditions>
                <condition number="0" type="jump" coverage="16%"/>
              </conditions>
            </line>
            <line number="1073" hits="4" branch="true" condition-coverage="20% (2/10)">
              <conditions>
                <condition number="0" type="jump" coverage="20%"/>
              </conditions>
            </line>
            <line number="1074" hits="4" branch="true" condition-coverage="20% (2/10)">
              <conditions>
                <condition number="0" type="jump" coverage="20%"/>
              </conditions>
            </line>
            <line number="1075" hits="4" branch="true" condition-coverage="20% (2/10)">
              <conditions>
                <condition number="0" type="jump" coverage="20%"/>
              </conditions>
            </line>
            <line number="1079" hits="4" branch="false"/>
            <line number="1081" hits="0" branch="false"/>
            <line number="1082" hits="4" branch="true" condition-coverage="50% (1/2)">
              <conditions>
                <condition number="0" type="jump" coverage="50%"/>
              </conditions>
            </line>
            <line number="1084" hits="4" branch="true" condition-coverage="20% (2/10)">
              <conditions>
                <condition number="0" type="jump" coverage="20%"/>
              </conditions>
            </line>
            <line number="1085" hits="4" branch="true" condition-coverage="50% (1/2)">
              <conditions>
                <condition number="0" type="jump" coverage="50%"/>
              </conditions>
            </line>
            <line number="1086" hits="4" branch="true" condition-coverage="20% (2/10)">
              <conditions>
                <condition number="0" type="jump" coverage="20%"/>
              </conditions>
            </line>
            <line number="1090" hits="4" branch="false"/>
            <line number="1092" hits="4" branch="true" condition-coverage="50% (1/2)">
              <conditions>
                <condition number="0" type="jump" coverage="50%"/>
              </conditions>
            </line>
            <line number="1093" hits="4" branch="true" condition-coverage="50% (1/2)">
              <conditions>
                <condition number="0" type="jump" coverage="50%"/>
              </conditions>
            </line>
            <line number="1094" hits="4" branch="true" condition-coverage="50% (2/4)">
              <conditions>
                <condition number="0" type="jump" coverage="50%"/>
              </conditions>
            </line>
            <line number="1096" hits="6" branch="false"/>
            <line number="1097" hits="4" branch="true" condition-coverage="50% (1/2)">
              <conditions>
                <condition number="0" type="jump" coverage="50%"/>
              </conditions>
            </line>
            <line number="1099" hits="4" branch="true" condition-coverage="20% (2/10)">
              <conditions>
                <condition number="0" type="jump" coverage="20%"/>
              </conditions>
            </line>
            <line number="1100" hits="4" branch="true" condition-coverage="50% (1/2)">
              <conditions>
                <condition number="0" type="jump" coverage="50%"/>
              </conditions>
            </line>
            <line number="1101" hits="4" branch="true" condition-coverage="20% (2/10)">
              <conditions>
                <condition number="0" type="jump" coverage="20%"/>
              </conditions>
            </line>
            <line number="1105" hits="4" branch="false"/>
            <line number="1107" hits="4" branch="true" condition-coverage="50% (2/4)">
              <conditions>
                <condition number="0" type="jump" coverage="50%"/>
              </conditions>
            </line>
            <line number="1108" hits="4" branch="true" condition-coverage="50% (1/2)">
              <conditions>
                <condition number="0" type="jump" coverage="50%"/>
              </conditions>
            </line>
            <line number="1109" hits="4" branch="true" condition-coverage="50% (1/2)">
              <conditions>
                <condition number="0" type="jump" coverage="50%"/>
              </conditions>
            </line>
            <line number="1111" hits="10" branch="false"/>
            <line number="1112" hits="4" branch="true" condition-coverage="50% (1/2)">
              <conditions>
                <condition number="0" type="jump" coverage="50%"/>
              </conditions>
            </line>
            <line number="1114" hits="4" branch="true" condition-coverage="20% (2/10)">
              <conditions>
                <condition number="0" type="jump" coverage="20%"/>
              </conditions>
            </line>
            <line number="1115" hits="4" branch="true" condition-coverage="50% (1/2)">
              <conditions>
                <condition number="0" type="jump" coverage="50%"/>
              </conditions>
            </line>
            <line number="1116" hits="4" branch="true" condition-coverage="20% (2/10)">
              <conditions>
                <condition number="0" type="jump" coverage="20%"/>
              </conditions>
            </line>
            <line number="1120" hits="4" branch="false"/>
            <line number="1122" hits="4" branch="true" condition-coverage="50% (2/4)">
              <conditions>
                <condition number="0" type="jump" coverage="50%"/>
              </conditions>
            </line>
            <line number="1123" hits="4" branch="true" condition-coverage="50% (1/2)">
              <conditions>
                <condition number="0" type="jump" coverage="50%"/>
              </conditions>
            </line>
            <line number="1124" hits="4" branch="true" condition-coverage="50% (1/2)">
              <conditions>
                <condition number="0" type="jump" coverage="50%"/>
              </conditions>
            </line>
            <line number="1125" hits="4" branch="true" condition-coverage="50% (2/4)">
              <conditions>
                <condition number="0" type="jump" coverage="50%"/>
              </conditions>
            </line>
            <line number="1127" hits="50" branch="false"/>
            <line number="1128" hits="4" branch="true" condition-coverage="50% (1/2)">
              <conditions>
                <condition number="0" type="jump" coverage="50%"/>
              </conditions>
            </line>
            <line number="1130" hits="4" branch="true" condition-coverage="20% (2/10)">
              <conditions>
                <condition number="0" type="jump" coverage="20%"/>
              </conditions>
            </line>
            <line number="1131" hits="4" branch="true" condition-coverage="50% (1/2)">
              <conditions>
                <condition number="0" type="jump" coverage="50%"/>
              </conditions>
            </line>
            <line number="1132" hits="4" branch="true" condition-coverage="20% (2/10)">
              <conditions>
                <condition number="0" type="jump" coverage="20%"/>
              </conditions>
            </line>
            <line number="1134" hits="4" branch="false"/>
[...]
          </lines>
        </class>
        <class name="Reverse_h" filename="src/ltl/Range/Reverse.h" line-rate="1.0" branch-rate="0.9333333333333333" complexity="0.0">
          <methods/>
          <lines>
            <line number="33" hits="240" branch="false"/>
            <line number="35" hits="3372" branch="false"/>
            <line number="36" hits="3372" branch="false"/>
            <line number="37" hits="3372" branch="false"/>
            <line number="38" hits="3372" branch="false"/>
            <line number="40" hits="9644" branch="false"/>
            <line number="41" hits="9644" branch="true" condition-coverage="100% (5/5)">
              <conditions>
                <condition number="0" type="jump" coverage="100%"/>
              </conditions>
            </line>
            <line number="42" hits="9644" branch="true" condition-coverage="100% (3/3)">
              <conditions>
                <condition number="0" type="jump" coverage="100%"/>
              </conditions>
            </line>
            <line number="43" hits="1296" branch="false"/>
            <line number="45" hits="8348" branch="false"/>
            <line number="47" hits="9644" branch="false"/>
            <line number="50" hits="632" branch="false"/>
            <line number="51" hits="632" branch="true" condition-coverage="100% (2/2)">
              <conditions>
                <condition number="0" type="jump" coverage="100%"/>
              </conditions>
            </line>
            <line number="52" hits="268" branch="false"/>
            <line number="54" hits="364" branch="false"/>
            <line number="56" hits="632" branch="false"/>
            <line number="59" hits="9772" branch="false"/>
            <line number="60" hits="9772" branch="true" condition-coverage="80% (4/5)">
              <conditions>
                <condition number="0" type="jump" coverage="80%"/>
              </conditions>
            </line>
            <line number="78" hits="88" branch="false"/>
            <line number="80" hits="118" branch="false"/>
            <line number="89" hits="64" branch="false"/>
            <line number="90" hits="728" branch="false"/>
            <line number="92" hits="1740" branch="false"/>
            <line number="93" hits="1740" branch="false"/>
            <line number="125" hits="44" branch="false"/>
            <line number="126" hits="44" branch="false"/>
            <line number="127" hits="44" branch="false"/>
            <line number="130" hits="44" branch="false"/>
            <line number="131" hits="2" branch="false"/>
            <line number="133" hits="42" branch="false"/>
            <line number="134" hits="42" branch="false"/>
          </lines>
        </class>
        <class name="Split_h" filename="src/ltl/Range/Split.h" line-rate="1.0" branch-rate="0.78125" complexity="0.0">
          <methods/>
          <lines>
            <line number="34" hits="192" branch="false"/>
            <line number="35" hits="192" branch="false"/>
            <line number="39" hits="192" branch="false"/>
            <line number="41" hits="176" branch="true" condition-coverage="100% (2/2)">
              <conditions>
                <condition number="0" type="jump" coverage="100%"/>
              </conditions>
            </line>
            <line number="42" hits="56" branch="true" condition-coverage="50% (1/2)">
              <conditions>
                <condition number="0" type="jump" coverage="50%"/>
              </conditions>
            </line>
            <line number="43" hits="568" branch="true" condition-coverage="100% (2/2)">
              <conditions>
                <condition number="0" type="jump" coverage="100%"/>
              </conditions>
            </line>
            <line number="45" hits="56" branch="true" condition-coverage="50% (1/2)">
              <conditions>
                <condition number="0" type="jump" coverage="50%"/>
              </conditions>
            </line>
            <line number="48" hits="192" branch="false"/>
            <line number="50" hits="548" branch="false"/>
            <line number="52" hits="1768" branch="false"/>
            <line number="53" hits="1768" branch="false"/>
            <line number="54" hits="1768" branch="false"/>
            <line number="55" hits="1768" branch="false"/>
            <line number="56" hits="1768" branch="false"/>
            <line number="59" hits="640" branch="false"/>
            <line number="60" hits="640" branch="true" condition-coverage="100% (2/2)">
              <conditions>
                <condition number="0" type="jump" coverage="100%"/>
              </conditions>
            </line>
            <line number="61" hits="596" branch="false"/>
            <line number="62" hits="640" branch="false"/>
            <line number="63" hits="640" branch="false"/>
            <line number="64" hits="640" branch="false"/>
            <line number="113" hits="10" branch="false"/>
            <line number="114" hits="10" branch="false"/>
            <line number="137" hits="10" branch="false"/>
            <line number="168" hits="12" branch="false"/>
            <line number="169" hits="12" branch="false"/>
            <line number="175" hits="260" branch="false"/>
            <line number="180" hits="10" branch="false"/>
            <line number="182" hits="242" branch="false"/>
            <line number="183" hits="232" branch="false"/>
            <line number="185" hits="10" branch="false"/>
            <line number="186" hits="122" branch="false"/>
            <line number="187" hits="122" branch="false"/>
            <line number="193" hits="10" branch="true" condition-coverage="50% (2/4)">
              <conditions>
                <condition number="0" type="jump" coverage="50%"/>
              </conditions>
            </line>
            <line number="197" hits="28" branch="false"/>
            <line number="199" hits="282" branch="false"/>
            <line number="204" hits="28" branch="true" condition-coverage="50% (2/4)">
              <conditions>
                <condition number="0" type="jump" coverage="50%"/>
              </conditions>
            </line>
            <line number="208" hits="10" branch="false"/>
            <line number="211" hits="148" branch="false"/>
            <line number="212" hits="144" branch="false"/>
            <line number="213" hits="144" branch="false"/>
            <line number="216" hits="696" branch="false"/>
            <line number="217" hits="692" branch="true" condition-coverage="100% (12/12)">
              <conditions>
                <condition number="0" type="jump" coverage="100%"/>
              </conditions>
            </line>
            <line number="218" hits="102" branch="false"/>
            <line number="219" hits="590" branch="false"/>
            <line number="220" hits="2372" branch="false"/>
            <line number="223" hits="572" branch="false"/>
            <line number="224" hits="130" branch="false"/>
            <line number="225" hits="130" branch="true" condition-coverage="50% (1/2)">
              <conditions>
                <condition number="0" type="jump" coverage="50%"/>
              </conditions>
            </line>
            <line number="226" hits="130" branch="false"/>
            <line number="234" hits="10" branch="false"/>
          </lines>
        </class>
        <class name="Taker_h" filename="src/ltl/Range/Taker.h" line-rate="1.0" branch-rate="0.5" complexity="0.0">
          <methods/>
          <lines>
            <line number="53" hits="1252" branch="false"/>
            <line number="54" hits="1252" branch="false"/>
            <line number="55" hits="1252" branch="false"/>
            <line number="59" hits="12" branch="false"/>
            <line number="60" hits="12" branch="false"/>
            <line number="61" hits="12" branch="false"/>
            <line number="65" hits="2" branch="false"/>
            <line number="66" hits="2" branch="true" condition-coverage="50% (1/2)">
              <conditions>
                <condition number="0" type="jump" coverage="50%"/>
              </conditions>
            </line>
            <line number="67" hits="22" branch="false"/>
            <line number="68" hits="22" branch="false"/>
            <line number="70" hits="2" branch="false"/>
            <line number="74" hits="2" branch="false"/>
            <line number="75" hits="2" branch="true" condition-coverage="50% (1/2)">
              <conditions>
                <condition number="0" type="jump" coverage="50%"/>
              </conditions>
            </line>
            <line number="76" hits="12" branch="false"/>
            <line number="78" hits="2" branch="false"/>
            <line number="93" hits="626" branch="false"/>
            <line number="105" hits="6" branch="false"/>
            <line number="119" hits="2" branch="false"/>
            <line number="120" hits="2" branch="false"/>
            <line number="136" hits="2" branch="false"/>
            <line number="137" hits="2" branch="false"/>
          </lines>
        </class>
        <class name="Value_h" filename="src/ltl/Range/Value.h" line-rate="1.0" branch-rate="0.0" complexity="0.0">
          <methods/>
          <lines>
            <line number="26" hits="28" branch="false"/>
            <line number="28" hits="448" branch="false"/>
            <line number="29" hits="448" branch="false"/>
            <line number="31" hits="1276" branch="false"/>
            <line number="32" hits="1276" branch="false"/>
            <line number="33" hits="1276" branch="false"/>
            <line number="41" hits="120" branch="false"/>
            <line number="42" hits="120" branch="false"/>
            <line number="43" hits="120" branch="false"/>
            <line number="46" hits="1244" branch="false"/>
            <line number="48" hits="176" branch="false"/>
            <line number="49" hits="176" branch="false"/>
            <line number="61" hits="4" branch="false"/>
            <line number="63" hits="4" branch="false"/>
            <line number="71" hits="52" branch="false"/>
            <line number="72" hits="52" branch="false"/>
            <line number="81" hits="82" branch="false"/>
            <line number="82" hits="82" branch="false"/>
          </lines>
        </class>
        <class name="Zip_h" filename="src/ltl/Range/Zip.h" line-rate="1.0" branch-rate="0.5833333333333334" complexity="0.0">
          <methods/>
          <lines>
            <line number="29" hits="500" branch="false"/>
            <line number="30" hits="750" branch="true" condition-coverage="50% (1/2)">
              <conditions>
                <condition number="0" type="jump" coverage="50%"/>
              </conditions>
            </line>
            <line number="31" hits="500" branch="false"/>
            <line number="39" hits="136" branch="false"/>
            <line number="40" hits="204" branch="true" condition-coverage="50% (1/2)">
              <conditions>
                <condition number="0" type="jump" coverage="50%"/>
              </conditions>
            </line>
            <line number="49" hits="88" branch="false"/>
            <line number="50" hits="88" branch="false"/>
            <line number="54" hits="52" branch="false"/>
            <line number="55" hits="52" branch="true" condition-coverage="50% (1/2)">
              <conditions>
                <condition number="0" type="jump" coverage="50%"/>
              </conditions>
            </line>
            <line number="56" hits="486" branch="true" condition-coverage="75% (3/4)">
              <conditions>
                <condition number="0" type="jump" coverage="75%"/>
              </conditions>
            </line>
            <line number="57" hits="272" branch="true" condition-coverage="50% (1/2)">
              <conditions>
                <condition number="0" type="jump" coverage="50%"/>
              </conditions>
            </line>
            <line number="58" hits="52" branch="false"/>
            <line number="65" hits="28" branch="false"/>
            <line number="67" hits="72" branch="false"/>
            <line number="69" hits="104" branch="false"/>
            <line number="91" hits="14" branch="false"/>
            <line number="96" hits="14" branch="false"/>
          </lines>
        </class>
        <class name="actions_h" filename="src/ltl/Range/actions.h" line-rate="1.0" branch-rate="0.4864864864864865" complexity="0.0">
          <methods/>
          <lines>
            <line number="40" hits="16" branch="false"/>
            <line number="46" hits="24" branch="false"/>
            <line number="52" hits="8" branch="false"/>
            <line number="78" hits="16" branch="false"/>
            <line number="79" hits="16" branch="false"/>
            <line number="96" hits="2" branch="false"/>
            <line number="97" hits="2" branch="false"/>
            <line number="114" hits="2" branch="false"/>
            <line number="115" hits="2" branch="false"/>
            <line number="145" hits="8" branch="false"/>
            <line number="151" hits="8" branch="false"/>
            <line number="157" hits="8" branch="false"/>
            <line number="163" hits="4" branch="false"/>
            <line number="169" hits="2" branch="false"/>
            <line number="176" hits="2" branch="false"/>
            <line number="182" hits="2" branch="false"/>
            <line number="188" hits="8" branch="false"/>
            <line number="206" hits="8" branch="false"/>
            <line number="207" hits="8" branch="false"/>
            <line number="222" hits="8" branch="false"/>
            <line number="223" hits="8" branch="false"/>
            <line number="237" hits="8" branch="false"/>
            <line number="238" hits="8" branch="false"/>
            <line number="252" hits="4" branch="false"/>
            <line number="253" hits="4" branch="false"/>
            <line number="273" hits="2" branch="false"/>
            <line number="274" hits="2" branch="false"/>
            <line number="294" hits="2" branch="false"/>
            <line number="295" hits="2" branch="false"/>
            <line number="315" hits="2" branch="false"/>
            <line number="316" hits="2" branch="false"/>
            <line number="336" hits="8" branch="false"/>
            <line number="337" hits="8" branch="false"/>
            <line number="352" hits="24" branch="false"/>
            <line number="353" hits="24" branch="false"/>
            <line number="365" hits="8" branch="false"/>
            <line number="366" hits="8" branch="false"/>
            <line number="382" hits="4" branch="false"/>
            <line number="383" hits="4" branch="false"/>
            <line number="397" hits="20" branch="false"/>
            <line number="398" hits="20" branch="false"/>
            <line number="402" hits="16" branch="false"/>
            <line number="403" hits="16" branch="false"/>
            <line number="407" hits="4" branch="false"/>
            <line number="408" hits="4" branch="true" condition-coverage="50% (2/4)">
              <conditions>
                <condition number="0" type="jump" coverage="50%"/>
              </conditions>
            </line>
            <line number="409" hits="4" branch="false"/>
            <line number="413" hits="2" branch="false"/>
            <line number="414" hits="2" branch="false"/>
            <line number="415" hits="2" branch="false"/>
            <line number="419" hits="8" branch="false"/>
            <line number="420" hits="8" branch="false"/>
            <line number="424" hits="8" branch="false"/>
            <line number="425" hits="8" branch="false"/>
            <line number="429" hits="8" branch="false"/>
            <line number="430" hits="8" branch="false"/>
            <line number="434" hits="4" branch="false"/>
            <line number="435" hits="4" branch="false"/>
            <line number="439" hits="2" branch="false"/>
            <line number="440" hits="2" branch="false"/>
            <line number="444" hits="2" branch="false"/>
            <line number="445" hits="2" branch="false"/>
            <line number="449" hits="2" branch="false"/>
            <line number="450" hits="2" branch="false"/>
            <line number="454" hits="16" branch="false"/>
            <line number="455" hits="16" branch="false"/>
            <line number="459" hits="24" branch="false"/>
            <line number="460" hits="24" branch="true" condition-coverage="100% (2/2)">
              <conditions>
                <condition number="0" type="jump" coverage="100%"/>
              </conditions>
            </line>
            <line number="461" hits="4" branch="false"/>
            <line number="463" hits="56" branch="true" condition-coverage="50% (1/2)">
              <conditions>
                <condition number="0" type="jump" coverage="50%"/>
              </conditions>
            </line>
            <line number="464" hits="18" branch="true" condition-coverage="33% (4/12)">
              <conditions>
                <condition number="0" type="jump" coverage="33%"/>
              </conditions>
            </line>
            <line number="465" hits="28" branch="true" condition-coverage="55% (5/9)">
              <conditions>
                <condition number="0" type="jump" coverage="55%"/>
              </conditions>
            </line>
            <line number="470" hits="8" branch="false"/>
            <line number="471" hits="8" branch="false"/>
            <line number="475" hits="2" branch="false"/>
            <line number="476" hits="2" branch="false"/>
            <line number="480" hits="24" branch="false"/>
            <line number="481" hits="24" branch="false"/>
            <line number="482" hits="24" branch="false"/>
            <line number="486" hits="2" branch="false"/>
            <line number="487" hits="4" branch="true" condition-coverage="50% (1/2)">
              <conditions>
                <condition number="0" type="jump" coverage="50%"/>
              </conditions>
            </line>
            <line number="488" hits="2" branch="false"/>
            <line number="489" hits="2" branch="false"/>
            <line number="490" hits="4" branch="false"/>
            <line number="495" hits="2" branch="false"/>
            <line number="496" hits="4" branch="true" condition-coverage="50% (3/6)">
              <conditions>
                <condition number="0" type="jump" coverage="50%"/>
              </conditions>
            </line>
          </lines>
        </class>
        <class name="enumerate_h" filename="src/ltl/Range/enumerate.h" line-rate="1.0" branch-rate="0.0" complexity="0.0">
          <methods/>
          <lines>
            <line number="30" hits="10" branch="false"/>
            <line number="32" hits="10" branch="false"/>
          </lines>
        </class>
        <class name="seq_h" filename="src/ltl/Range/seq.h" line-rate="1.0" branch-rate="0.5" complexity="0.0">
          <methods/>
          <lines>
            <line number="34" hits="8" branch="false"/>
            <line number="50" hits="14" branch="false"/>
            <line number="52" hits="342" branch="false"/>
            <line number="54" hits="314" branch="true" condition-coverage="66% (4/6)">
              <conditions>
                <condition number="0" type="jump" coverage="66%"/>
              </conditions>
            </line>
            <line number="55" hits="8" branch="true" condition-coverage="25% (1/4)">
              <conditions>
                <condition number="0" type="jump" coverage="25%"/>
              </conditions>
            </line>
            <line number="56" hits="8" branch="false"/>
            <line number="58" hits="28" branch="false"/>
          </lines>
        </class>
      </classes>
    </package>
  </packages>
</coverage>
