<?xml version='1.0' encoding='UTF-8'?>
<!DOCTYPE coverage SYSTEM 'http://cobertura.sourceforge.net/xml/coverage-04.dtd'>
<coverage line-rate="0.9077927376580988" branch-rate="0.2688211986131748" lines-covered="2225" lines-valid="2451" branches-covered="2171" branches-valid="8076" complexity="0.0" timestamp="1625770303" version="gcovr 4.2">
  <sources>
    <source>.</source>
  </sources>
  <packages>
    <package name="Tests" line-rate="0.9982394366197183" branch-rate="0.2542783799201369" complexity="0.0">
      <classes>
        <class name="test_cpp" filename="Tests/test.cpp" line-rate="0.9982394366197183" branch-rate="0.2542783799201369" complexity="0.0">
          <methods/>
          <lines>
            <line number="35" hits="16" branch="false"/>
            <line number="56" hits="4" branch="false"/>
            <line number="58" hits="16" branch="false"/>
            <line number="63" hits="4" branch="false"/>
            <line number="65" hits="16" branch="false"/>
            <line number="88" hits="4" branch="false"/>
            <line number="90" hits="16" branch="false"/>
            <line number="91" hits="4" branch="false"/>
            <line number="130" hits="4" branch="false"/>
            <line number="132" hits="16" branch="false"/>
            <line number="133" hits="4" branch="false"/>
            <line number="135" hits="6" branch="true" condition-coverage="25% (3/12)">
              <conditions>
                <condition number="0" type="jump" coverage="25%"/>
              </conditions>
            </line>
            <line number="136" hits="8" branch="true" condition-coverage="50% (1/2)">
              <conditions>
                <condition number="0" type="jump" coverage="50%"/>
              </conditions>
            </line>
            <line number="137" hits="4" branch="true" condition-coverage="50% (1/2)">
              <conditions>
                <condition number="0" type="jump" coverage="50%"/>
              </conditions>
            </line>
            <line number="138" hits="4" branch="true" condition-coverage="28% (4/14)">
              <conditions>
                <condition number="0" type="jump" coverage="28%"/>
              </conditions>
            </line>
            <line number="139" hits="4" branch="true" condition-coverage="50% (2/4)">
              <conditions>
                <condition number="0" type="jump" coverage="50%"/>
              </conditions>
            </line>
            <line number="140" hits="4" branch="true" condition-coverage="50% (2/4)">
              <conditions>
                <condition number="0" type="jump" coverage="50%"/>
              </conditions>
            </line>
            <line number="142" hits="4" branch="true" condition-coverage="50% (2/4)">
              <conditions>
                <condition number="0" type="jump" coverage="50%"/>
              </conditions>
            </line>
            <line number="143" hits="12" branch="true" condition-coverage="50% (1/2)">
              <conditions>
                <condition number="0" type="jump" coverage="50%"/>
              </conditions>
            </line>
            <line number="144" hits="4" branch="false"/>
            <line number="145" hits="4" branch="false"/>
            <line number="146" hits="4" branch="false"/>
            <line number="147" hits="4" branch="false"/>
            <line number="148" hits="4" branch="false"/>
            <line number="149" hits="4" branch="false"/>
            <line number="150" hits="4" branch="false"/>
            <line number="151" hits="4" branch="true" condition-coverage="28% (4/14)">
              <conditions>
                <condition number="0" type="jump" coverage="28%"/>
              </conditions>
            </line>
            <line number="152" hits="4" branch="true" condition-coverage="28% (4/14)">
              <conditions>
                <condition number="0" type="jump" coverage="28%"/>
              </conditions>
            </line>
            <line number="153" hits="4" branch="true" condition-coverage="28% (4/14)">
              <conditions>
                <condition number="0" type="jump" coverage="28%"/>
              </conditions>
            </line>
            <line number="154" hits="4" branch="true" condition-coverage="28% (4/14)">
              <conditions>
                <condition number="0" type="jump" coverage="28%"/>
              </conditions>
            </line>
            <line number="156" hits="4" branch="true" condition-coverage="28% (4/14)">
              <conditions>
                <condition number="0" type="jump" coverage="28%"/>
              </conditions>
            </line>
            <line number="157" hits="4" branch="true" condition-coverage="28% (4/14)">
              <conditions>
                <condition number="0" type="jump" coverage="28%"/>
              </conditions>
            </line>
            <line number="158" hits="4" branch="true" condition-coverage="28% (4/14)">
              <conditions>
                <condition number="0" type="jump" coverage="28%"/>
              </conditions>
            </line>
            <line number="159" hits="4" branch="true" condition-coverage="28% (4/14)">
              <conditions>
                <condition number="0" type="jump" coverage="28%"/>
              </conditions>
            </line>
            <line number="161" hits="4" branch="true" condition-coverage="20% (2/10)">
              <conditions>
                <condition number="0" type="jump" coverage="20%"/>
              </conditions>
            </line>
            <line number="162" hits="4" branch="true" condition-coverage="20% (2/10)">
              <conditions>
                <condition number="0" type="jump" coverage="20%"/>
              </conditions>
            </line>
            <line number="163" hits="4" branch="true" condition-coverage="20% (2/10)">
              <conditions>
                <condition number="0" type="jump" coverage="20%"/>
              </conditions>
            </line>
            <line number="164" hits="4" branch="true" condition-coverage="20% (2/10)">
              <conditions>
                <condition number="0" type="jump" coverage="20%"/>
              </conditions>
            </line>
            <line number="166" hits="4" branch="true" condition-coverage="20% (2/10)">
              <conditions>
                <condition number="0" type="jump" coverage="20%"/>
              </conditions>
            </line>
            <line number="167" hits="4" branch="true" condition-coverage="20% (2/10)">
              <conditions>
                <condition number="0" type="jump" coverage="20%"/>
              </conditions>
            </line>
            <line number="168" hits="4" branch="true" condition-coverage="20% (2/10)">
              <conditions>
                <condition number="0" type="jump" coverage="20%"/>
              </conditions>
            </line>
            <line number="169" hits="4" branch="true" condition-coverage="20% (2/10)">
              <conditions>
                <condition number="0" type="jump" coverage="20%"/>
              </conditions>
            </line>
            <line number="171" hits="4" branch="true" condition-coverage="28% (4/14)">
              <conditions>
                <condition number="0" type="jump" coverage="28%"/>
              </conditions>
            </line>
            <line number="172" hits="4" branch="true" condition-coverage="28% (4/14)">
              <conditions>
                <condition number="0" type="jump" coverage="28%"/>
              </conditions>
            </line>
            <line number="173" hits="4" branch="true" condition-coverage="28% (4/14)">
              <conditions>
                <condition number="0" type="jump" coverage="28%"/>
              </conditions>
            </line>
            <line number="174" hits="4" branch="true" condition-coverage="28% (4/14)">
              <conditions>
                <condition number="0" type="jump" coverage="28%"/>
              </conditions>
            </line>
            <line number="176" hits="4" branch="true" condition-coverage="28% (4/14)">
              <conditions>
                <condition number="0" type="jump" coverage="28%"/>
              </conditions>
            </line>
            <line number="177" hits="4" branch="true" condition-coverage="28% (4/14)">
              <conditions>
                <condition number="0" type="jump" coverage="28%"/>
              </conditions>
            </line>
            <line number="178" hits="4" branch="true" condition-coverage="28% (4/14)">
              <conditions>
                <condition number="0" type="jump" coverage="28%"/>
              </conditions>
            </line>
            <line number="179" hits="4" branch="true" condition-coverage="28% (4/14)">
              <conditions>
                <condition number="0" type="jump" coverage="28%"/>
              </conditions>
            </line>
            <line number="181" hits="4" branch="true" condition-coverage="20% (2/10)">
              <conditions>
                <condition number="0" type="jump" coverage="20%"/>
              </conditions>
            </line>
            <line number="182" hits="4" branch="true" condition-coverage="20% (2/10)">
              <conditions>
                <condition number="0" type="jump" coverage="20%"/>
              </conditions>
            </line>
            <line number="183" hits="4" branch="true" condition-coverage="20% (2/10)">
              <conditions>
                <condition number="0" type="jump" coverage="20%"/>
              </conditions>
            </line>
            <line number="184" hits="4" branch="true" condition-coverage="20% (2/10)">
              <conditions>
                <condition number="0" type="jump" coverage="20%"/>
              </conditions>
            </line>
            <line number="188" hits="4" branch="true" condition-coverage="50% (1/2)">
              <conditions>
                <condition number="0" type="jump" coverage="50%"/>
              </conditions>
            </line>
            <line number="189" hits="4" branch="true" condition-coverage="28% (4/14)">
              <conditions>
                <condition number="0" type="jump" coverage="28%"/>
              </conditions>
            </line>
            <line number="190" hits="4" branch="true" condition-coverage="28% (4/14)">
              <conditions>
                <condition number="0" type="jump" coverage="28%"/>
              </conditions>
            </line>
            <line number="191" hits="4" branch="true" condition-coverage="28% (4/14)">
              <conditions>
                <condition number="0" type="jump" coverage="28%"/>
              </conditions>
            </line>
            <line number="192" hits="4" branch="true" condition-coverage="28% (4/14)">
              <conditions>
                <condition number="0" type="jump" coverage="28%"/>
              </conditions>
            </line>
            <line number="194" hits="4" branch="false"/>
            <line number="195" hits="4" branch="false"/>
            <line number="196" hits="4" branch="false"/>
            <line number="201" hits="4" branch="true" condition-coverage="50% (1/2)">
              <conditions>
                <condition number="0" type="jump" coverage="50%"/>
              </conditions>
            </line>
            <line number="202" hits="4" branch="true" condition-coverage="50% (1/2)">
              <conditions>
                <condition number="0" type="jump" coverage="50%"/>
              </conditions>
            </line>
            <line number="203" hits="4" branch="true" condition-coverage="50% (1/2)">
              <conditions>
                <condition number="0" type="jump" coverage="50%"/>
              </conditions>
            </line>
            <line number="204" hits="4" branch="true" condition-coverage="50% (1/2)">
              <conditions>
                <condition number="0" type="jump" coverage="50%"/>
              </conditions>
            </line>
            <line number="212" hits="4" branch="true" condition-coverage="50% (1/2)">
              <conditions>
                <condition number="0" type="jump" coverage="50%"/>
              </conditions>
            </line>
            <line number="214" hits="4" branch="true" condition-coverage="28% (4/14)">
              <conditions>
                <condition number="0" type="jump" coverage="28%"/>
              </conditions>
            </line>
            <line number="215" hits="4" branch="true" condition-coverage="28% (4/14)">
              <conditions>
                <condition number="0" type="jump" coverage="28%"/>
              </conditions>
            </line>
            <line number="216" hits="4" branch="true" condition-coverage="28% (4/14)">
              <conditions>
                <condition number="0" type="jump" coverage="28%"/>
              </conditions>
            </line>
            <line number="218" hits="4" branch="true" condition-coverage="50% (1/2)">
              <conditions>
                <condition number="0" type="jump" coverage="50%"/>
              </conditions>
            </line>
            <line number="220" hits="4" branch="true" condition-coverage="28% (4/14)">
              <conditions>
                <condition number="0" type="jump" coverage="28%"/>
              </conditions>
            </line>
            <line number="221" hits="4" branch="true" condition-coverage="28% (4/14)">
              <conditions>
                <condition number="0" type="jump" coverage="28%"/>
              </conditions>
            </line>
            <line number="222" hits="4" branch="true" condition-coverage="28% (4/14)">
              <conditions>
                <condition number="0" type="jump" coverage="28%"/>
              </conditions>
            </line>
            <line number="226" hits="16" branch="false"/>
            <line number="229" hits="4" branch="false"/>
            <line number="276" hits="4" branch="false"/>
            <line number="282" hits="4" branch="false"/>
            <line number="292" hits="4" branch="false"/>
            <line number="293" hits="4" branch="false"/>
            <line number="300" hits="4" branch="false"/>
            <line number="301" hits="4" branch="false"/>
            <line number="305" hits="4" branch="false"/>
            <line number="307" hits="16" branch="false"/>
            <line number="309" hits="8" branch="true" condition-coverage="50% (3/6)">
              <conditions>
                <condition number="0" type="jump" coverage="50%"/>
              </conditions>
            </line>
            <line number="310" hits="8" branch="true" condition-coverage="50% (2/4)">
              <conditions>
                <condition number="0" type="jump" coverage="50%"/>
              </conditions>
            </line>
            <line number="312" hits="8" branch="false"/>
            <line number="313" hits="8" branch="false"/>
            <line number="315" hits="8" branch="true" condition-coverage="28% (4/14)">
              <conditions>
                <condition number="0" type="jump" coverage="28%"/>
              </conditions>
            </line>
            <line number="316" hits="8" branch="true" condition-coverage="28% (4/14)">
              <conditions>
                <condition number="0" type="jump" coverage="28%"/>
              </conditions>
            </line>
            <line number="317" hits="8" branch="true" condition-coverage="28% (4/14)">
              <conditions>
                <condition number="0" type="jump" coverage="28%"/>
              </conditions>
            </line>
            <line number="318" hits="10" branch="true" condition-coverage="28% (4/14)">
              <conditions>
                <condition number="0" type="jump" coverage="28%"/>
              </conditions>
            </line>
            <line number="320" hits="8" branch="true" condition-coverage="50% (2/4)">
              <conditions>
                <condition number="0" type="jump" coverage="50%"/>
              </conditions>
            </line>
            <line number="321" hits="8" branch="true" condition-coverage="50% (2/4)">
              <conditions>
                <condition number="0" type="jump" coverage="50%"/>
              </conditions>
            </line>
            <line number="322" hits="4" branch="true" condition-coverage="50% (1/2)">
              <conditions>
                <condition number="0" type="jump" coverage="50%"/>
              </conditions>
            </line>
            <line number="324" hits="8" branch="true" condition-coverage="20% (2/10)">
              <conditions>
                <condition number="0" type="jump" coverage="20%"/>
              </conditions>
            </line>
            <line number="325" hits="10" branch="true" condition-coverage="37% (6/16)">
              <conditions>
                <condition number="0" type="jump" coverage="37%"/>
              </conditions>
            </line>
            <line number="326" hits="10" branch="true" condition-coverage="37% (6/16)">
              <conditions>
                <condition number="0" type="jump" coverage="37%"/>
              </conditions>
            </line>
            <line number="327" hits="4" branch="false"/>
            <line number="329" hits="16" branch="false"/>
            <line number="330" hits="4" branch="false"/>
            <line number="331" hits="4" branch="false"/>
            <line number="332" hits="4" branch="true" condition-coverage="50% (1/2)">
              <conditions>
                <condition number="0" type="jump" coverage="50%"/>
              </conditions>
            </line>
            <line number="333" hits="4" branch="true" condition-coverage="50% (1/2)">
              <conditions>
                <condition number="0" type="jump" coverage="50%"/>
              </conditions>
            </line>
            <line number="334" hits="4" branch="true" condition-coverage="50% (1/2)">
              <conditions>
                <condition number="0" type="jump" coverage="50%"/>
              </conditions>
            </line>
            <line number="335" hits="4" branch="true" condition-coverage="50% (1/2)">
              <conditions>
                <condition number="0" type="jump" coverage="50%"/>
              </conditions>
            </line>
            <line number="336" hits="4" branch="false"/>
            <line number="337" hits="4" branch="false"/>
            <line number="349" hits="4" branch="false"/>
            <line number="359" hits="4" branch="false"/>
            <line number="361" hits="16" branch="false"/>
            <line number="368" hits="4" branch="false"/>
            <line number="370" hits="16" branch="false"/>
            <line number="420" hits="4" branch="false"/>
            <line number="421" hits="4" branch="false"/>
            <line number="422" hits="4" branch="false"/>
            <line number="423" hits="4" branch="false"/>
            <line number="454" hits="4" branch="false"/>
            <line number="455" hits="4" branch="false"/>
            <line number="457" hits="8" branch="false"/>
            <line number="459" hits="8" branch="false"/>
            <line number="460" hits="4" branch="false"/>
            <line number="477" hits="4" branch="false"/>
            <line number="479" hits="16" branch="false"/>
            <line number="480" hits="4" branch="false"/>
            <line number="481" hits="4" branch="false"/>
            <line number="483" hits="4" branch="false"/>
            <line number="492" hits="4" branch="false"/>
            <line number="514" hits="16" branch="false"/>
            <line number="515" hits="4" branch="false"/>
            <line number="516" hits="4" branch="false"/>
            <line number="517" hits="4" branch="false"/>
            <line number="518" hits="4" branch="false"/>
            <line number="519" hits="4" branch="false"/>
            <line number="527" hits="4" branch="false"/>
            <line number="528" hits="4" branch="false"/>
            <line number="529" hits="4" branch="false"/>
            <line number="543" hits="4" branch="true" condition-coverage="20% (2/10)">
              <conditions>
                <condition number="0" type="jump" coverage="20%"/>
              </conditions>
            </line>
            <line number="544" hits="4" branch="true" condition-coverage="50% (2/4)">
              <conditions>
                <condition number="0" type="jump" coverage="50%"/>
              </conditions>
            </line>
            <line number="545" hits="4" branch="true" condition-coverage="30% (6/20)">
              <conditions>
                <condition number="0" type="jump" coverage="30%"/>
              </conditions>
            </line>
            <line number="548" hits="4" branch="false"/>
            <line number="549" hits="4" branch="false"/>
            <line number="555" hits="16" branch="false"/>
            <line number="557" hits="4" branch="false"/>
            <line number="558" hits="20" branch="true" condition-coverage="50% (3/6)">
              <conditions>
                <condition number="0" type="jump" coverage="50%"/>
              </conditions>
            </line>
            <line number="559" hits="10" branch="false"/>
            <line number="560" hits="10" branch="false"/>
            <line number="561" hits="60" branch="false"/>
            <line number="563" hits="4" branch="true" condition-coverage="16% (2/12)">
              <conditions>
                <condition number="0" type="jump" coverage="16%"/>
              </conditions>
            </line>
            <line number="564" hits="4" branch="true" condition-coverage="16% (2/12)">
              <conditions>
                <condition number="0" type="jump" coverage="16%"/>
              </conditions>
            </line>
            <line number="565" hits="4" branch="true" condition-coverage="16% (2/12)">
              <conditions>
                <condition number="0" type="jump" coverage="16%"/>
              </conditions>
            </line>
            <line number="566" hits="4" branch="true" condition-coverage="16% (2/12)">
              <conditions>
                <condition number="0" type="jump" coverage="16%"/>
              </conditions>
            </line>
            <line number="567" hits="4" branch="true" condition-coverage="16% (2/12)">
              <conditions>
                <condition number="0" type="jump" coverage="16%"/>
              </conditions>
            </line>
            <line number="568" hits="4" branch="true" condition-coverage="16% (2/12)">
              <conditions>
                <condition number="0" type="jump" coverage="16%"/>
              </conditions>
            </line>
            <line number="569" hits="4" branch="true" condition-coverage="16% (2/12)">
              <conditions>
                <condition number="0" type="jump" coverage="16%"/>
              </conditions>
            </line>
            <line number="570" hits="4" branch="true" condition-coverage="21% (3/14)">
              <conditions>
                <condition number="0" type="jump" coverage="21%"/>
              </conditions>
            </line>
            <line number="571" hits="4" branch="true" condition-coverage="16% (2/12)">
              <conditions>
                <condition number="0" type="jump" coverage="16%"/>
              </conditions>
            </line>
            <line number="572" hits="4" branch="true" condition-coverage="21% (3/14)">
              <conditions>
                <condition number="0" type="jump" coverage="21%"/>
              </conditions>
            </line>
            <line number="573" hits="4" branch="true" condition-coverage="16% (2/12)">
              <conditions>
                <condition number="0" type="jump" coverage="16%"/>
              </conditions>
            </line>
            <line number="574" hits="4" branch="true" condition-coverage="15% (3/19)">
              <conditions>
                <condition number="0" type="jump" coverage="15%"/>
              </conditions>
            </line>
            <line number="575" hits="4" branch="true" condition-coverage="15% (3/19)">
              <conditions>
                <condition number="0" type="jump" coverage="15%"/>
              </conditions>
            </line>
            <line number="576" hits="4" branch="true" condition-coverage="21% (3/14)">
              <conditions>
                <condition number="0" type="jump" coverage="21%"/>
              </conditions>
            </line>
            <line number="577" hits="4" branch="true" condition-coverage="16% (2/12)">
              <conditions>
                <condition number="0" type="jump" coverage="16%"/>
              </conditions>
            </line>
            <line number="578" hits="4" branch="true" condition-coverage="16% (2/12)">
              <conditions>
                <condition number="0" type="jump" coverage="16%"/>
              </conditions>
            </line>
            <line number="579" hits="4" branch="true" condition-coverage="16% (2/12)">
              <conditions>
                <condition number="0" type="jump" coverage="16%"/>
              </conditions>
            </line>
            <line number="580" hits="4" branch="true" condition-coverage="21% (3/14)">
              <conditions>
                <condition number="0" type="jump" coverage="21%"/>
              </conditions>
            </line>
            <line number="581" hits="4" branch="true" condition-coverage="21% (3/14)">
              <conditions>
                <condition number="0" type="jump" coverage="21%"/>
              </conditions>
            </line>
            <line number="582" hits="4" branch="true" condition-coverage="21% (3/14)">
              <conditions>
                <condition number="0" type="jump" coverage="21%"/>
              </conditions>
            </line>
            <line number="583" hits="4" branch="true" condition-coverage="21% (3/14)">
              <conditions>
                <condition number="0" type="jump" coverage="21%"/>
              </conditions>
            </line>
            <line number="584" hits="4" branch="true" condition-coverage="27% (5/18)">
              <conditions>
                <condition number="0" type="jump" coverage="27%"/>
              </conditions>
            </line>
            <line number="585" hits="4" branch="true" condition-coverage="21% (3/14)">
              <conditions>
                <condition number="0" type="jump" coverage="21%"/>
              </conditions>
            </line>
            <line number="586" hits="4" branch="true" condition-coverage="27% (5/18)">
              <conditions>
                <condition number="0" type="jump" coverage="27%"/>
              </conditions>
            </line>
            <line number="587" hits="4" branch="true" condition-coverage="21% (3/14)">
              <conditions>
                <condition number="0" type="jump" coverage="21%"/>
              </conditions>
            </line>
            <line number="589" hits="4" branch="false"/>
            <line number="590" hits="4" branch="true" condition-coverage="16% (2/12)">
              <conditions>
                <condition number="0" type="jump" coverage="16%"/>
              </conditions>
            </line>
            <line number="591" hits="4" branch="true" condition-coverage="50% (1/2)">
              <conditions>
                <condition number="0" type="jump" coverage="50%"/>
              </conditions>
            </line>
            <line number="592" hits="4" branch="true" condition-coverage="16% (2/12)">
              <conditions>
                <condition number="0" type="jump" coverage="16%"/>
              </conditions>
            </line>
            <line number="594" hits="4" branch="true" condition-coverage="50% (1/2)">
              <conditions>
                <condition number="0" type="jump" coverage="50%"/>
              </conditions>
            </line>
            <line number="595" hits="4" branch="true" condition-coverage="50% (1/2)">
              <conditions>
                <condition number="0" type="jump" coverage="50%"/>
              </conditions>
            </line>
            <line number="596" hits="4" branch="true" condition-coverage="10% (1/10)">
              <conditions>
                <condition number="0" type="jump" coverage="10%"/>
              </conditions>
            </line>
            <line number="597" hits="4" branch="true" condition-coverage="16% (2/12)">
              <conditions>
                <condition number="0" type="jump" coverage="16%"/>
              </conditions>
            </line>
            <line number="598" hits="4" branch="true" condition-coverage="16% (2/12)">
              <conditions>
                <condition number="0" type="jump" coverage="16%"/>
              </conditions>
            </line>
            <line number="600" hits="4" branch="true" condition-coverage="10% (1/10)">
              <conditions>
                <condition number="0" type="jump" coverage="10%"/>
              </conditions>
            </line>
            <line number="603" hits="8" branch="true" condition-coverage="50% (2/4)">
              <conditions>
                <condition number="0" type="jump" coverage="50%"/>
              </conditions>
            </line>
            <line number="604" hits="4" branch="true" condition-coverage="21% (3/14)">
              <conditions>
                <condition number="0" type="jump" coverage="21%"/>
              </conditions>
            </line>
            <line number="607" hits="4" branch="true" condition-coverage="16% (2/12)">
              <conditions>
                <condition number="0" type="jump" coverage="16%"/>
              </conditions>
            </line>
            <line number="608" hits="4" branch="true" condition-coverage="16% (2/12)">
              <conditions>
                <condition number="0" type="jump" coverage="16%"/>
              </conditions>
            </line>
            <line number="609" hits="4" branch="true" condition-coverage="21% (3/14)">
              <conditions>
                <condition number="0" type="jump" coverage="21%"/>
              </conditions>
            </line>
            <line number="610" hits="4" branch="true" condition-coverage="16% (2/12)">
              <conditions>
                <condition number="0" type="jump" coverage="16%"/>
              </conditions>
            </line>
            <line number="611" hits="4" branch="true" condition-coverage="16% (2/12)">
              <conditions>
                <condition number="0" type="jump" coverage="16%"/>
              </conditions>
            </line>
            <line number="614" hits="4" branch="false"/>
            <line number="615" hits="4" branch="true" condition-coverage="16% (2/12)">
              <conditions>
                <condition number="0" type="jump" coverage="16%"/>
              </conditions>
            </line>
            <line number="616" hits="4" branch="true" condition-coverage="16% (2/12)">
              <conditions>
                <condition number="0" type="jump" coverage="16%"/>
              </conditions>
            </line>
            <line number="620" hits="4" branch="false"/>
            <line number="621" hits="66" branch="false"/>
            <line number="622" hits="4" branch="true" condition-coverage="50% (1/2)">
              <conditions>
                <condition number="0" type="jump" coverage="50%"/>
              </conditions>
            </line>
            <line number="623" hits="4" branch="true" condition-coverage="50% (1/2)">
              <conditions>
                <condition number="0" type="jump" coverage="50%"/>
              </conditions>
            </line>
            <line number="624" hits="4" branch="true" condition-coverage="50% (1/2)">
              <conditions>
                <condition number="0" type="jump" coverage="50%"/>
              </conditions>
            </line>
            <line number="626" hits="4" branch="true" condition-coverage="20% (2/10)">
              <conditions>
                <condition number="0" type="jump" coverage="20%"/>
              </conditions>
            </line>
            <line number="627" hits="4" branch="true" condition-coverage="20% (2/10)">
              <conditions>
                <condition number="0" type="jump" coverage="20%"/>
              </conditions>
            </line>
            <line number="628" hits="4" branch="true" condition-coverage="20% (2/10)">
              <conditions>
                <condition number="0" type="jump" coverage="20%"/>
              </conditions>
            </line>
            <line number="632" hits="16" branch="false"/>
            <line number="633" hits="4" branch="false"/>
            <line number="636" hits="4" branch="true" condition-coverage="50% (1/2)">
              <conditions>
                <condition number="0" type="jump" coverage="50%"/>
              </conditions>
            </line>
            <line number="637" hits="4" branch="true" condition-coverage="50% (1/2)">
              <conditions>
                <condition number="0" type="jump" coverage="50%"/>
              </conditions>
            </line>
            <line number="639" hits="4" branch="true" condition-coverage="10% (1/10)">
              <conditions>
                <condition number="0" type="jump" coverage="10%"/>
              </conditions>
            </line>
            <line number="640" hits="4" branch="true" condition-coverage="10% (1/10)">
              <conditions>
                <condition number="0" type="jump" coverage="10%"/>
              </conditions>
            </line>
            <line number="641" hits="4" branch="true" condition-coverage="10% (1/10)">
              <conditions>
                <condition number="0" type="jump" coverage="10%"/>
              </conditions>
            </line>
            <line number="645" hits="4" branch="true" condition-coverage="50% (1/2)">
              <conditions>
                <condition number="0" type="jump" coverage="50%"/>
              </conditions>
            </line>
            <line number="646" hits="4" branch="true" condition-coverage="50% (1/2)">
              <conditions>
                <condition number="0" type="jump" coverage="50%"/>
              </conditions>
            </line>
            <line number="648" hits="4" branch="true" condition-coverage="10% (1/10)">
              <conditions>
                <condition number="0" type="jump" coverage="10%"/>
              </conditions>
            </line>
            <line number="649" hits="4" branch="true" condition-coverage="10% (1/10)">
              <conditions>
                <condition number="0" type="jump" coverage="10%"/>
              </conditions>
            </line>
            <line number="650" hits="4" branch="true" condition-coverage="10% (1/10)">
              <conditions>
                <condition number="0" type="jump" coverage="10%"/>
              </conditions>
            </line>
            <line number="654" hits="4" branch="true" condition-coverage="50% (1/2)">
              <conditions>
                <condition number="0" type="jump" coverage="50%"/>
              </conditions>
            </line>
            <line number="655" hits="4" branch="true" condition-coverage="50% (1/2)">
              <conditions>
                <condition number="0" type="jump" coverage="50%"/>
              </conditions>
            </line>
            <line number="657" hits="4" branch="true" condition-coverage="10% (1/10)">
              <conditions>
                <condition number="0" type="jump" coverage="10%"/>
              </conditions>
            </line>
            <line number="658" hits="4" branch="true" condition-coverage="10% (1/10)">
              <conditions>
                <condition number="0" type="jump" coverage="10%"/>
              </conditions>
            </line>
            <line number="662" hits="4" branch="false"/>
            <line number="663" hits="4" branch="false"/>
            <line number="665" hits="4" branch="true" condition-coverage="50% (1/2)">
              <conditions>
                <condition number="0" type="jump" coverage="50%"/>
              </conditions>
            </line>
            <line number="666" hits="4" branch="true" condition-coverage="50% (1/2)">
              <conditions>
                <condition number="0" type="jump" coverage="50%"/>
              </conditions>
            </line>
            <line number="667" hits="4" branch="true" condition-coverage="50% (1/2)">
              <conditions>
                <condition number="0" type="jump" coverage="50%"/>
              </conditions>
            </line>
            <line number="668" hits="4" branch="true" condition-coverage="50% (1/2)">
              <conditions>
                <condition number="0" type="jump" coverage="50%"/>
              </conditions>
            </line>
            <line number="670" hits="4" branch="true" condition-coverage="10% (1/10)">
              <conditions>
                <condition number="0" type="jump" coverage="10%"/>
              </conditions>
            </line>
            <line number="671" hits="4" branch="true" condition-coverage="10% (1/10)">
              <conditions>
                <condition number="0" type="jump" coverage="10%"/>
              </conditions>
            </line>
            <line number="672" hits="4" branch="true" condition-coverage="10% (1/10)">
              <conditions>
                <condition number="0" type="jump" coverage="10%"/>
              </conditions>
            </line>
            <line number="673" hits="4" branch="true" condition-coverage="10% (1/10)">
              <conditions>
                <condition number="0" type="jump" coverage="10%"/>
              </conditions>
            </line>
            <line number="674" hits="4" branch="true" condition-coverage="10% (1/10)">
              <conditions>
                <condition number="0" type="jump" coverage="10%"/>
              </conditions>
            </line>
            <line number="675" hits="4" branch="true" condition-coverage="10% (1/10)">
              <conditions>
                <condition number="0" type="jump" coverage="10%"/>
              </conditions>
            </line>
            <line number="689" hits="16" branch="false"/>
            <line number="695" hits="4" branch="false"/>
            <line number="697" hits="16" branch="false"/>
            <line number="699" hits="4" branch="false"/>
            <line number="700" hits="4" branch="false"/>
            <line number="701" hits="2" branch="false"/>
            <line number="702" hits="2" branch="false"/>
            <line number="703" hits="4" branch="true" condition-coverage="16% (2/12)">
              <conditions>
                <condition number="0" type="jump" coverage="16%"/>
              </conditions>
            </line>
            <line number="704" hits="4" branch="true" condition-coverage="16% (2/12)">
              <conditions>
                <condition number="0" type="jump" coverage="16%"/>
              </conditions>
            </line>
            <line number="706" hits="4" branch="true" condition-coverage="21% (3/14)">
              <conditions>
                <condition number="0" type="jump" coverage="21%"/>
              </conditions>
            </line>
            <line number="707" hits="4" branch="true" condition-coverage="21% (3/14)">
              <conditions>
                <condition number="0" type="jump" coverage="21%"/>
              </conditions>
            </line>
            <line number="708" hits="4" branch="true" condition-coverage="16% (2/12)">
              <conditions>
                <condition number="0" type="jump" coverage="16%"/>
              </conditions>
            </line>
            <line number="709" hits="4" branch="true" condition-coverage="16% (2/12)">
              <conditions>
                <condition number="0" type="jump" coverage="16%"/>
              </conditions>
            </line>
            <line number="712" hits="16" branch="false"/>
            <line number="714" hits="4" branch="false"/>
            <line number="715" hits="4" branch="false"/>
            <line number="716" hits="4" branch="false"/>
            <line number="717" hits="4" branch="true" condition-coverage="10% (1/10)">
              <conditions>
                <condition number="0" type="jump" coverage="10%"/>
              </conditions>
            </line>
            <line number="718" hits="4" branch="true" condition-coverage="21% (3/14)">
              <conditions>
                <condition number="0" type="jump" coverage="21%"/>
              </conditions>
            </line>
            <line number="719" hits="4" branch="true" condition-coverage="21% (3/14)">
              <conditions>
                <condition number="0" type="jump" coverage="21%"/>
              </conditions>
            </line>
            <line number="722" hits="16" branch="false"/>
            <line number="724" hits="4" branch="false"/>
            <line number="725" hits="4" branch="false"/>
            <line number="726" hits="4" branch="false"/>
            <line number="727" hits="4" branch="false"/>
            <line number="728" hits="374" branch="false"/>
            <line number="729" hits="76" branch="false"/>
            <line number="730" hits="50" branch="false"/>
            <line number="731" hits="4" branch="true" condition-coverage="21% (3/14)">
              <conditions>
                <condition number="0" type="jump" coverage="21%"/>
              </conditions>
            </line>
            <line number="732" hits="4" branch="true" condition-coverage="21% (3/14)">
              <conditions>
                <condition number="0" type="jump" coverage="21%"/>
              </conditions>
            </line>
            <line number="733" hits="4" branch="true" condition-coverage="25% (4/16)">
              <conditions>
                <condition number="0" type="jump" coverage="25%"/>
              </conditions>
            </line>
            <line number="735" hits="4" branch="true" condition-coverage="50% (1/2)">
              <conditions>
                <condition number="0" type="jump" coverage="50%"/>
              </conditions>
            </line>
            <line number="736" hits="4" branch="true" condition-coverage="50% (1/2)">
              <conditions>
                <condition number="0" type="jump" coverage="50%"/>
              </conditions>
            </line>
            <line number="737" hits="4" branch="false"/>
            <line number="738" hits="4" branch="true" condition-coverage="50% (1/2)">
              <conditions>
                <condition number="0" type="jump" coverage="50%"/>
              </conditions>
            </line>
            <line number="739" hits="4" branch="true" condition-coverage="25% (4/16)">
              <conditions>
                <condition number="0" type="jump" coverage="25%"/>
              </conditions>
            </line>
            <line number="740" hits="4" branch="true" condition-coverage="50% (1/2)">
              <conditions>
                <condition number="0" type="jump" coverage="50%"/>
              </conditions>
            </line>
            <line number="741" hits="4" branch="true" condition-coverage="21% (3/14)">
              <conditions>
                <condition number="0" type="jump" coverage="21%"/>
              </conditions>
            </line>
            <line number="742" hits="4" branch="true" condition-coverage="21% (3/14)">
              <conditions>
                <condition number="0" type="jump" coverage="21%"/>
              </conditions>
            </line>
            <line number="743" hits="4" branch="true" condition-coverage="10% (1/10)">
              <conditions>
                <condition number="0" type="jump" coverage="10%"/>
              </conditions>
            </line>
            <line number="744" hits="4" branch="true" condition-coverage="10% (1/10)">
              <conditions>
                <condition number="0" type="jump" coverage="10%"/>
              </conditions>
            </line>
            <line number="745" hits="4" branch="true" condition-coverage="10% (1/10)">
              <conditions>
                <condition number="0" type="jump" coverage="10%"/>
              </conditions>
            </line>
            <line number="746" hits="4" branch="true" condition-coverage="10% (1/10)">
              <conditions>
                <condition number="0" type="jump" coverage="10%"/>
              </conditions>
            </line>
            <line number="749" hits="16" branch="false"/>
            <line number="751" hits="4" branch="false"/>
            <line number="752" hits="4" branch="false"/>
            <line number="753" hits="4" branch="false"/>
            <line number="755" hits="4" branch="false"/>
            <line number="757" hits="434" branch="false"/>
            <line number="758" hits="4" branch="true" condition-coverage="21% (3/14)">
              <conditions>
                <condition number="0" type="jump" coverage="21%"/>
              </conditions>
            </line>
            <line number="759" hits="4" branch="true" condition-coverage="21% (3/14)">
              <conditions>
                <condition number="0" type="jump" coverage="21%"/>
              </conditions>
            </line>
            <line number="761" hits="52" branch="true" condition-coverage="21% (3/14)">
              <conditions>
                <condition number="0" type="jump" coverage="21%"/>
              </conditions>
            </line>
            <line number="764" hits="4" branch="true" condition-coverage="25% (4/16)">
              <conditions>
                <condition number="0" type="jump" coverage="25%"/>
              </conditions>
            </line>
            <line number="766" hits="4" branch="true" condition-coverage="25% (4/16)">
              <conditions>
                <condition number="0" type="jump" coverage="25%"/>
              </conditions>
            </line>
            <line number="769" hits="4" branch="true" condition-coverage="25% (4/16)">
              <conditions>
                <condition number="0" type="jump" coverage="25%"/>
              </conditions>
            </line>
            <line number="772" hits="4" branch="true" condition-coverage="25% (4/16)">
              <conditions>
                <condition number="0" type="jump" coverage="25%"/>
              </conditions>
            </line>
            <line number="774" hits="4" branch="true" condition-coverage="50% (1/2)">
              <conditions>
                <condition number="0" type="jump" coverage="50%"/>
              </conditions>
            </line>
            <line number="775" hits="4" branch="true" condition-coverage="50% (1/2)">
              <conditions>
                <condition number="0" type="jump" coverage="50%"/>
              </conditions>
            </line>
            <line number="776" hits="4" branch="true" condition-coverage="20% (2/10)">
              <conditions>
                <condition number="0" type="jump" coverage="20%"/>
              </conditions>
            </line>
            <line number="779" hits="16" branch="false"/>
            <line number="782" hits="4" branch="false"/>
            <line number="783" hits="4" branch="false"/>
            <line number="784" hits="4" branch="true" condition-coverage="50% (6/12)">
              <conditions>
                <condition number="0" type="jump" coverage="50%"/>
              </conditions>
            </line>
            <line number="785" hits="356" branch="true" condition-coverage="50% (2/4)">
              <conditions>
                <condition number="0" type="jump" coverage="50%"/>
              </conditions>
            </line>
            <line number="786" hits="4" branch="true" condition-coverage="16% (2/12)">
              <conditions>
                <condition number="0" type="jump" coverage="16%"/>
              </conditions>
            </line>
            <line number="788" hits="16" branch="true" condition-coverage="50% (2/4)">
              <conditions>
                <condition number="0" type="jump" coverage="50%"/>
              </conditions>
            </line>
            <line number="789" hits="16" branch="true" condition-coverage="50% (2/4)">
              <conditions>
                <condition number="0" type="jump" coverage="50%"/>
              </conditions>
            </line>
            <line number="790" hits="16" branch="true" condition-coverage="50% (2/4)">
              <conditions>
                <condition number="0" type="jump" coverage="50%"/>
              </conditions>
            </line>
            <line number="792" hits="16" branch="true" condition-coverage="50% (1/2)">
              <conditions>
                <condition number="0" type="jump" coverage="50%"/>
              </conditions>
            </line>
            <line number="794" hits="16" branch="true" condition-coverage="50% (1/2)">
              <conditions>
                <condition number="0" type="jump" coverage="50%"/>
              </conditions>
            </line>
            <line number="796" hits="16" branch="true" condition-coverage="50% (1/2)">
              <conditions>
                <condition number="0" type="jump" coverage="50%"/>
              </conditions>
            </line>
            <line number="798" hits="4" branch="true" condition-coverage="16% (2/12)">
              <conditions>
                <condition number="0" type="jump" coverage="16%"/>
              </conditions>
            </line>
            <line number="799" hits="4" branch="true" condition-coverage="16% (2/12)">
              <conditions>
                <condition number="0" type="jump" coverage="16%"/>
              </conditions>
            </line>
            <line number="800" hits="4" branch="true" condition-coverage="16% (2/12)">
              <conditions>
                <condition number="0" type="jump" coverage="16%"/>
              </conditions>
            </line>
            <line number="802" hits="4" branch="true" condition-coverage="16% (2/12)">
              <conditions>
                <condition number="0" type="jump" coverage="16%"/>
              </conditions>
            </line>
            <line number="803" hits="4" branch="true" condition-coverage="16% (2/12)">
              <conditions>
                <condition number="0" type="jump" coverage="16%"/>
              </conditions>
            </line>
            <line number="804" hits="4" branch="true" condition-coverage="16% (2/12)">
              <conditions>
                <condition number="0" type="jump" coverage="16%"/>
              </conditions>
            </line>
            <line number="811" hits="16" branch="false"/>
            <line number="812" hits="4" branch="false"/>
            <line number="813" hits="4" branch="true" condition-coverage="21% (3/14)">
              <conditions>
                <condition number="0" type="jump" coverage="21%"/>
              </conditions>
            </line>
            <line number="814" hits="4" branch="true" condition-coverage="21% (3/14)">
              <conditions>
                <condition number="0" type="jump" coverage="21%"/>
              </conditions>
            </line>
            <line number="815" hits="4" branch="true" condition-coverage="25% (4/16)">
              <conditions>
                <condition number="0" type="jump" coverage="25%"/>
              </conditions>
            </line>
            <line number="816" hits="38" branch="true" condition-coverage="25% (4/16)">
              <conditions>
                <condition number="0" type="jump" coverage="25%"/>
              </conditions>
            </line>
            <line number="820" hits="16" branch="false"/>
            <line number="823" hits="4" branch="true" condition-coverage="50% (5/10)">
              <conditions>
                <condition number="0" type="jump" coverage="50%"/>
              </conditions>
            </line>
            <line number="824" hits="4" branch="true" condition-coverage="50% (5/10)">
              <conditions>
                <condition number="0" type="jump" coverage="50%"/>
              </conditions>
            </line>
            <line number="825" hits="4" branch="false"/>
            <line number="827" hits="4" branch="false"/>
            <line number="828" hits="24" branch="true" condition-coverage="75% (3/4)">
              <conditions>
                <condition number="0" type="jump" coverage="75%"/>
              </conditions>
            </line>
            <line number="829" hits="20" branch="true" condition-coverage="10% (1/10)">
              <conditions>
                <condition number="0" type="jump" coverage="10%"/>
              </conditions>
            </line>
            <line number="830" hits="20" branch="true" condition-coverage="10% (1/10)">
              <conditions>
                <condition number="0" type="jump" coverage="10%"/>
              </conditions>
            </line>
            <line number="831" hits="20" branch="true" condition-coverage="50% (1/2)">
              <conditions>
                <condition number="0" type="jump" coverage="50%"/>
              </conditions>
            </line>
            <line number="834" hits="24" branch="true" condition-coverage="66% (4/6)">
              <conditions>
                <condition number="0" type="jump" coverage="66%"/>
              </conditions>
            </line>
            <line number="835" hits="20" branch="false"/>
            <line number="838" hits="20" branch="true" condition-coverage="10% (1/10)">
              <conditions>
                <condition number="0" type="jump" coverage="10%"/>
              </conditions>
            </line>
            <line number="839" hits="20" branch="true" condition-coverage="10% (1/10)">
              <conditions>
                <condition number="0" type="jump" coverage="10%"/>
              </conditions>
            </line>
            <line number="840" hits="20" branch="true" condition-coverage="10% (1/10)">
              <conditions>
                <condition number="0" type="jump" coverage="10%"/>
              </conditions>
            </line>
            <line number="843" hits="4" branch="true" condition-coverage="31% (7/22)">
              <conditions>
                <condition number="0" type="jump" coverage="31%"/>
              </conditions>
            </line>
            <line number="846" hits="16" branch="false"/>
            <line number="848" hits="4" branch="false"/>
            <line number="849" hits="4" branch="true" condition-coverage="50% (1/2)">
              <conditions>
                <condition number="0" type="jump" coverage="50%"/>
              </conditions>
            </line>
            <line number="850" hits="4" branch="true" condition-coverage="50% (1/2)">
              <conditions>
                <condition number="0" type="jump" coverage="50%"/>
              </conditions>
            </line>
            <line number="852" hits="4" branch="false"/>
            <line number="853" hits="12" branch="true" condition-coverage="60% (6/10)">
              <conditions>
                <condition number="0" type="jump" coverage="60%"/>
              </conditions>
            </line>
            <line number="854" hits="8" branch="true" condition-coverage="10% (1/10)">
              <conditions>
                <condition number="0" type="jump" coverage="10%"/>
              </conditions>
            </line>
            <line number="858" hits="4" branch="true" condition-coverage="50% (3/6)">
              <conditions>
                <condition number="0" type="jump" coverage="50%"/>
              </conditions>
            </line>
            <line number="860" hits="16" branch="true" condition-coverage="60% (6/10)">
              <conditions>
                <condition number="0" type="jump" coverage="60%"/>
              </conditions>
            </line>
            <line number="861" hits="12" branch="true" condition-coverage="21% (3/14)">
              <conditions>
                <condition number="0" type="jump" coverage="21%"/>
              </conditions>
            </line>
            <line number="864" hits="16" branch="true" condition-coverage="60% (6/10)">
              <conditions>
                <condition number="0" type="jump" coverage="60%"/>
              </conditions>
            </line>
            <line number="865" hits="12" branch="false"/>
            <line number="866" hits="12" branch="true" condition-coverage="21% (3/14)">
              <conditions>
                <condition number="0" type="jump" coverage="21%"/>
              </conditions>
            </line>
            <line number="867" hits="12" branch="true" condition-coverage="21% (3/14)">
              <conditions>
                <condition number="0" type="jump" coverage="21%"/>
              </conditions>
            </line>
            <line number="868" hits="12" branch="true" condition-coverage="50% (1/2)">
              <conditions>
                <condition number="0" type="jump" coverage="50%"/>
              </conditions>
            </line>
            <line number="872" hits="16" branch="false"/>
            <line number="873" hits="4" branch="false"/>
            <line number="874" hits="4" branch="true" condition-coverage="50% (1/2)">
              <conditions>
                <condition number="0" type="jump" coverage="50%"/>
              </conditions>
            </line>
            <line number="875" hits="2" branch="false"/>
            <line number="876" hits="4" branch="false"/>
            <line number="877" hits="4" branch="true" condition-coverage="50% (1/2)">
              <conditions>
                <condition number="0" type="jump" coverage="50%"/>
              </conditions>
            </line>
            <line number="878" hits="2" branch="false"/>
            <line number="881" hits="6" branch="true" condition-coverage="50% (1/2)">
              <conditions>
                <condition number="0" type="jump" coverage="50%"/>
              </conditions>
            </line>
            <line number="885" hits="4" branch="true" condition-coverage="50% (1/2)">
              <conditions>
                <condition number="0" type="jump" coverage="50%"/>
              </conditions>
            </line>
            <line number="886" hits="2" branch="false"/>
            <line number="887" hits="4" branch="false"/>
            <line number="888" hits="4" branch="true" condition-coverage="50% (1/2)">
              <conditions>
                <condition number="0" type="jump" coverage="50%"/>
              </conditions>
            </line>
            <line number="889" hits="2" branch="false"/>
            <line number="892" hits="4" branch="false"/>
            <line number="913" hits="4" branch="false"/>
            <line number="915" hits="16" branch="false"/>
            <line number="925" hits="20" branch="false"/>
            <line number="929" hits="4" branch="true" condition-coverage="16% (2/12)">
              <conditions>
                <condition number="0" type="jump" coverage="16%"/>
              </conditions>
            </line>
            <line number="930" hits="4" branch="true" condition-coverage="16% (2/12)">
              <conditions>
                <condition number="0" type="jump" coverage="16%"/>
              </conditions>
            </line>
            <line number="931" hits="4" branch="true" condition-coverage="16% (2/12)">
              <conditions>
                <condition number="0" type="jump" coverage="16%"/>
              </conditions>
            </line>
            <line number="932" hits="4" branch="true" condition-coverage="16% (2/12)">
              <conditions>
                <condition number="0" type="jump" coverage="16%"/>
              </conditions>
            </line>
            <line number="933" hits="4" branch="true" condition-coverage="16% (2/12)">
              <conditions>
                <condition number="0" type="jump" coverage="16%"/>
              </conditions>
            </line>
            <line number="935" hits="4" branch="true" condition-coverage="16% (2/12)">
              <conditions>
                <condition number="0" type="jump" coverage="16%"/>
              </conditions>
            </line>
            <line number="936" hits="4" branch="true" condition-coverage="16% (2/12)">
              <conditions>
                <condition number="0" type="jump" coverage="16%"/>
              </conditions>
            </line>
            <line number="937" hits="4" branch="true" condition-coverage="16% (2/12)">
              <conditions>
                <condition number="0" type="jump" coverage="16%"/>
              </conditions>
            </line>
            <line number="938" hits="4" branch="true" condition-coverage="16% (2/12)">
              <conditions>
                <condition number="0" type="jump" coverage="16%"/>
              </conditions>
            </line>
            <line number="939" hits="4" branch="true" condition-coverage="27% (5/18)">
              <conditions>
                <condition number="0" type="jump" coverage="27%"/>
              </conditions>
            </line>
            <line number="942" hits="12" branch="false"/>
            <line number="946" hits="4" branch="true" condition-coverage="10% (1/10)">
              <conditions>
                <condition number="0" type="jump" coverage="10%"/>
              </conditions>
            </line>
            <line number="947" hits="4" branch="true" condition-coverage="16% (2/12)">
              <conditions>
                <condition number="0" type="jump" coverage="16%"/>
              </conditions>
            </line>
            <line number="948" hits="4" branch="true" condition-coverage="16% (2/12)">
              <conditions>
                <condition number="0" type="jump" coverage="16%"/>
              </conditions>
            </line>
            <line number="949" hits="4" branch="true" condition-coverage="25% (4/16)">
              <conditions>
                <condition number="0" type="jump" coverage="25%"/>
              </conditions>
            </line>
            <line number="950" hits="4" branch="true" condition-coverage="27% (5/18)">
              <conditions>
                <condition number="0" type="jump" coverage="27%"/>
              </conditions>
            </line>
            <line number="952" hits="4" branch="true" condition-coverage="27% (5/18)">
              <conditions>
                <condition number="0" type="jump" coverage="27%"/>
              </conditions>
            </line>
            <line number="954" hits="4" branch="true" condition-coverage="50% (1/2)">
              <conditions>
                <condition number="0" type="jump" coverage="50%"/>
              </conditions>
            </line>
            <line number="955" hits="4" branch="true" condition-coverage="50% (1/2)">
              <conditions>
                <condition number="0" type="jump" coverage="50%"/>
              </conditions>
            </line>
            <line number="957" hits="2" branch="true" condition-coverage="50% (4/8)">
              <conditions>
                <condition number="0" type="jump" coverage="50%"/>
              </conditions>
            </line>
            <line number="958" hits="4" branch="true" condition-coverage="50% (1/2)">
              <conditions>
                <condition number="0" type="jump" coverage="50%"/>
              </conditions>
            </line>
            <line number="959" hits="4" branch="true" condition-coverage="50% (2/4)">
              <conditions>
                <condition number="0" type="jump" coverage="50%"/>
              </conditions>
            </line>
            <line number="960" hits="4" branch="true" condition-coverage="50% (1/2)">
              <conditions>
                <condition number="0" type="jump" coverage="50%"/>
              </conditions>
            </line>
            <line number="961" hits="4" branch="true" condition-coverage="10% (1/10)">
              <conditions>
                <condition number="0" type="jump" coverage="10%"/>
              </conditions>
            </line>
            <line number="968" hits="16" branch="false"/>
            <line number="969" hits="4" branch="false"/>
            <line number="970" hits="18" branch="false"/>
            <line number="971" hits="4" branch="true" condition-coverage="16% (2/12)">
              <conditions>
                <condition number="0" type="jump" coverage="16%"/>
              </conditions>
            </line>
            <line number="972" hits="4" branch="true" condition-coverage="16% (2/12)">
              <conditions>
                <condition number="0" type="jump" coverage="16%"/>
              </conditions>
            </line>
            <line number="974" hits="14" branch="true" condition-coverage="50% (10/20)">
              <conditions>
                <condition number="0" type="jump" coverage="50%"/>
              </conditions>
            </line>
            <line number="977" hits="28" branch="false"/>
            <line number="981" hits="4" branch="false"/>
            <line number="982" hits="4" branch="false"/>
            <line number="983" hits="4" branch="false"/>
            <line number="985" hits="4" branch="false"/>
            <line number="986" hits="4" branch="false"/>
            <line number="987" hits="28" branch="false"/>
            <line number="988" hits="4" branch="true" condition-coverage="21% (3/14)">
              <conditions>
                <condition number="0" type="jump" coverage="21%"/>
              </conditions>
            </line>
            <line number="989" hits="4" branch="true" condition-coverage="21% (3/14)">
              <conditions>
                <condition number="0" type="jump" coverage="21%"/>
              </conditions>
            </line>
            <line number="990" hits="4" branch="true" condition-coverage="21% (3/14)">
              <conditions>
                <condition number="0" type="jump" coverage="21%"/>
              </conditions>
            </line>
            <line number="991" hits="4" branch="true" condition-coverage="21% (3/14)">
              <conditions>
                <condition number="0" type="jump" coverage="21%"/>
              </conditions>
            </line>
            <line number="992" hits="4" branch="true" condition-coverage="21% (3/14)">
              <conditions>
                <condition number="0" type="jump" coverage="21%"/>
              </conditions>
            </line>
            <line number="995" hits="16" branch="false"/>
            <line number="997" hits="32" branch="true" condition-coverage="50% (7/14)">
              <conditions>
                <condition number="0" type="jump" coverage="50%"/>
              </conditions>
            </line>
            <line number="999" hits="4" branch="true" condition-coverage="21% (3/14)">
              <conditions>
                <condition number="0" type="jump" coverage="21%"/>
              </conditions>
            </line>
            <line number="1000" hits="4" branch="true" condition-coverage="21% (3/14)">
              <conditions>
                <condition number="0" type="jump" coverage="21%"/>
              </conditions>
            </line>
            <line number="1001" hits="4" branch="true" condition-coverage="21% (3/14)">
              <conditions>
                <condition number="0" type="jump" coverage="21%"/>
              </conditions>
            </line>
            <line number="1002" hits="4" branch="true" condition-coverage="25% (4/16)">
              <conditions>
                <condition number="0" type="jump" coverage="25%"/>
              </conditions>
            </line>
            <line number="1003" hits="4" branch="true" condition-coverage="27% (5/18)">
              <conditions>
                <condition number="0" type="jump" coverage="27%"/>
              </conditions>
            </line>
            <line number="1004" hits="4" branch="true" condition-coverage="21% (3/14)">
              <conditions>
                <condition number="0" type="jump" coverage="21%"/>
              </conditions>
            </line>
            <line number="1005" hits="4" branch="true" condition-coverage="25% (4/16)">
              <conditions>
                <condition number="0" type="jump" coverage="25%"/>
              </conditions>
            </line>
            <line number="1006" hits="4" branch="true" condition-coverage="21% (3/14)">
              <conditions>
                <condition number="0" type="jump" coverage="21%"/>
              </conditions>
            </line>
            <line number="1007" hits="4" branch="true" condition-coverage="21% (3/14)">
              <conditions>
                <condition number="0" type="jump" coverage="21%"/>
              </conditions>
            </line>
            <line number="1009" hits="4" branch="true" condition-coverage="50% (1/2)">
              <conditions>
                <condition number="0" type="jump" coverage="50%"/>
              </conditions>
            </line>
            <line number="1011" hits="4" branch="true" condition-coverage="16% (2/12)">
              <conditions>
                <condition number="0" type="jump" coverage="16%"/>
              </conditions>
            </line>
            <line number="1012" hits="4" branch="true" condition-coverage="25% (3/12)">
              <conditions>
                <condition number="0" type="jump" coverage="25%"/>
              </conditions>
            </line>
            <line number="1015" hits="16" branch="false"/>
            <line number="1027" hits="4" branch="false"/>
            <line number="1029" hits="16" branch="false"/>
            <line number="1033" hits="12" branch="false"/>
            <line number="1034" hits="42" branch="true" condition-coverage="100% (2/2)">
              <conditions>
                <condition number="0" type="jump" coverage="100%"/>
              </conditions>
            </line>
            <line number="1035" hits="30" branch="true" condition-coverage="50% (1/2)">
              <conditions>
                <condition number="0" type="jump" coverage="50%"/>
              </conditions>
            </line>
            <line number="1039" hits="4" branch="false"/>
            <line number="1040" hits="76" branch="false"/>
            <line number="1041" hits="4" branch="true" condition-coverage="50% (1/2)">
              <conditions>
                <condition number="0" type="jump" coverage="50%"/>
              </conditions>
            </line>
            <line number="1042" hits="4" branch="false"/>
            <line number="1043" hits="4" branch="true" condition-coverage="16% (2/12)">
              <conditions>
                <condition number="0" type="jump" coverage="16%"/>
              </conditions>
            </line>
            <line number="1045" hits="4" branch="true" condition-coverage="50% (6/12)">
              <conditions>
                <condition number="0" type="jump" coverage="50%"/>
              </conditions>
            </line>
            <line number="1046" hits="40" branch="false"/>
            <line number="1047" hits="20" branch="false"/>
            <line number="1048" hits="30" branch="false"/>
            <line number="1049" hits="20" branch="false"/>
            <line number="1050" hits="20" branch="false"/>
            <line number="1051" hits="40" branch="false"/>
            <line number="1053" hits="4" branch="true" condition-coverage="21% (3/14)">
              <conditions>
                <condition number="0" type="jump" coverage="21%"/>
              </conditions>
            </line>
            <line number="1054" hits="4" branch="true" condition-coverage="21% (3/14)">
              <conditions>
                <condition number="0" type="jump" coverage="21%"/>
              </conditions>
            </line>
            <line number="1055" hits="4" branch="true" condition-coverage="25% (4/16)">
              <conditions>
                <condition number="0" type="jump" coverage="25%"/>
              </conditions>
            </line>
            <line number="1059" hits="4" branch="false"/>
            <line number="1060" hits="4" branch="true" condition-coverage="50% (2/4)">
              <conditions>
                <condition number="0" type="jump" coverage="50%"/>
              </conditions>
            </line>
            <line number="1062" hits="4" branch="true" condition-coverage="16% (2/12)">
              <conditions>
                <condition number="0" type="jump" coverage="16%"/>
              </conditions>
            </line>
            <line number="1063" hits="4" branch="true" condition-coverage="20% (2/10)">
              <conditions>
                <condition number="0" type="jump" coverage="20%"/>
              </conditions>
            </line>
            <line number="1064" hits="4" branch="true" condition-coverage="20% (2/10)">
              <conditions>
                <condition number="0" type="jump" coverage="20%"/>
              </conditions>
            </line>
            <line number="1065" hits="4" branch="true" condition-coverage="20% (2/10)">
              <conditions>
                <condition number="0" type="jump" coverage="20%"/>
              </conditions>
            </line>
            <line number="1069" hits="4" branch="false"/>
            <line number="1071" hits="0" branch="false"/>
            <line number="1072" hits="4" branch="true" condition-coverage="50% (1/2)">
              <conditions>
                <condition number="0" type="jump" coverage="50%"/>
              </conditions>
            </line>
            <line number="1074" hits="4" branch="true" condition-coverage="20% (2/10)">
              <conditions>
                <condition number="0" type="jump" coverage="20%"/>
              </conditions>
            </line>
            <line number="1075" hits="4" branch="true" condition-coverage="50% (1/2)">
              <conditions>
                <condition number="0" type="jump" coverage="50%"/>
              </conditions>
            </line>
            <line number="1076" hits="4" branch="true" condition-coverage="20% (2/10)">
              <conditions>
                <condition number="0" type="jump" coverage="20%"/>
              </conditions>
            </line>
            <line number="1080" hits="4" branch="false"/>
            <line number="1082" hits="4" branch="true" condition-coverage="50% (1/2)">
              <conditions>
                <condition number="0" type="jump" coverage="50%"/>
              </conditions>
            </line>
            <line number="1083" hits="4" branch="true" condition-coverage="50% (1/2)">
              <conditions>
                <condition number="0" type="jump" coverage="50%"/>
              </conditions>
            </line>
            <line number="1084" hits="4" branch="true" condition-coverage="50% (2/4)">
              <conditions>
                <condition number="0" type="jump" coverage="50%"/>
              </conditions>
            </line>
            <line number="1086" hits="6" branch="false"/>
            <line number="1087" hits="4" branch="true" condition-coverage="50% (1/2)">
              <conditions>
                <condition number="0" type="jump" coverage="50%"/>
              </conditions>
            </line>
            <line number="1089" hits="4" branch="true" condition-coverage="20% (2/10)">
              <conditions>
                <condition number="0" type="jump" coverage="20%"/>
              </conditions>
            </line>
            <line number="1090" hits="4" branch="true" condition-coverage="50% (1/2)">
              <conditions>
                <condition number="0" type="jump" coverage="50%"/>
              </conditions>
            </line>
            <line number="1091" hits="4" branch="true" condition-coverage="20% (2/10)">
              <conditions>
                <condition number="0" type="jump" coverage="20%"/>
              </conditions>
            </line>
            <line number="1095" hits="4" branch="false"/>
            <line number="1097" hits="4" branch="true" condition-coverage="50% (2/4)">
              <conditions>
                <condition number="0" type="jump" coverage="50%"/>
              </conditions>
            </line>
            <line number="1098" hits="4" branch="true" condition-coverage="50% (1/2)">
              <conditions>
                <condition number="0" type="jump" coverage="50%"/>
              </conditions>
            </line>
            <line number="1099" hits="4" branch="true" condition-coverage="50% (1/2)">
              <conditions>
                <condition number="0" type="jump" coverage="50%"/>
              </conditions>
            </line>
            <line number="1101" hits="10" branch="false"/>
            <line number="1102" hits="4" branch="true" condition-coverage="50% (1/2)">
              <conditions>
                <condition number="0" type="jump" coverage="50%"/>
              </conditions>
            </line>
            <line number="1104" hits="4" branch="true" condition-coverage="20% (2/10)">
              <conditions>
                <condition number="0" type="jump" coverage="20%"/>
              </conditions>
            </line>
            <line number="1105" hits="4" branch="true" condition-coverage="50% (1/2)">
              <conditions>
                <condition number="0" type="jump" coverage="50%"/>
              </conditions>
            </line>
            <line number="1106" hits="4" branch="true" condition-coverage="20% (2/10)">
              <conditions>
                <condition number="0" type="jump" coverage="20%"/>
              </conditions>
            </line>
            <line number="1110" hits="4" branch="false"/>
            <line number="1112" hits="4" branch="true" condition-coverage="50% (2/4)">
              <conditions>
                <condition number="0" type="jump" coverage="50%"/>
              </conditions>
            </line>
            <line number="1113" hits="4" branch="true" condition-coverage="50% (1/2)">
              <conditions>
                <condition number="0" type="jump" coverage="50%"/>
              </conditions>
            </line>
            <line number="1114" hits="4" branch="true" condition-coverage="50% (1/2)">
              <conditions>
                <condition number="0" type="jump" coverage="50%"/>
              </conditions>
            </line>
            <line number="1115" hits="4" branch="true" condition-coverage="50% (2/4)">
              <conditions>
                <condition number="0" type="jump" coverage="50%"/>
              </conditions>
            </line>
            <line number="1117" hits="50" branch="false"/>
[...]
            <line number="116" hits="84" branch="false"/>
            <line number="117" hits="84" branch="false"/>
            <line number="132" hits="2" branch="false"/>
            <line number="133" hits="2" branch="false"/>
            <line number="150" hits="20" branch="false"/>
            <line number="151" hits="20" branch="false"/>
            <line number="152" hits="20" branch="false"/>
          </lines>
        </class>
        <class name="Reverse_h" filename="src/ltl/Range/Reverse.h" line-rate="1.0" branch-rate="0.9333333333333333" complexity="0.0">
          <methods/>
          <lines>
            <line number="33" hits="240" branch="false"/>
            <line number="35" hits="3348" branch="false"/>
            <line number="36" hits="3348" branch="false"/>
            <line number="37" hits="3348" branch="false"/>
            <line number="38" hits="3348" branch="false"/>
            <line number="40" hits="9644" branch="false"/>
            <line number="41" hits="9644" branch="true" condition-coverage="100% (5/5)">
              <conditions>
                <condition number="0" type="jump" coverage="100%"/>
              </conditions>
            </line>
            <line number="42" hits="9644" branch="true" condition-coverage="100% (3/3)">
              <conditions>
                <condition number="0" type="jump" coverage="100%"/>
              </conditions>
            </line>
            <line number="43" hits="1296" branch="false"/>
            <line number="45" hits="8348" branch="false"/>
            <line number="47" hits="9644" branch="false"/>
            <line number="50" hits="632" branch="false"/>
            <line number="51" hits="632" branch="true" condition-coverage="100% (2/2)">
              <conditions>
                <condition number="0" type="jump" coverage="100%"/>
              </conditions>
            </line>
            <line number="52" hits="268" branch="false"/>
            <line number="54" hits="364" branch="false"/>
            <line number="56" hits="632" branch="false"/>
            <line number="59" hits="9772" branch="false"/>
            <line number="60" hits="9772" branch="true" condition-coverage="80% (4/5)">
              <conditions>
                <condition number="0" type="jump" coverage="80%"/>
              </conditions>
            </line>
            <line number="78" hits="88" branch="false"/>
            <line number="80" hits="118" branch="false"/>
            <line number="89" hits="64" branch="false"/>
            <line number="90" hits="716" branch="false"/>
            <line number="92" hits="1740" branch="false"/>
            <line number="93" hits="1740" branch="false"/>
            <line number="125" hits="44" branch="false"/>
            <line number="126" hits="44" branch="false"/>
            <line number="127" hits="44" branch="false"/>
            <line number="130" hits="44" branch="false"/>
            <line number="131" hits="2" branch="false"/>
            <line number="133" hits="42" branch="false"/>
            <line number="134" hits="42" branch="false"/>
          </lines>
        </class>
        <class name="Split_h" filename="src/ltl/Range/Split.h" line-rate="1.0" branch-rate="0.78125" complexity="0.0">
          <methods/>
          <lines>
            <line number="34" hits="192" branch="false"/>
            <line number="35" hits="192" branch="false"/>
            <line number="39" hits="192" branch="false"/>
            <line number="41" hits="176" branch="true" condition-coverage="100% (2/2)">
              <conditions>
                <condition number="0" type="jump" coverage="100%"/>
              </conditions>
            </line>
            <line number="42" hits="56" branch="true" condition-coverage="50% (1/2)">
              <conditions>
                <condition number="0" type="jump" coverage="50%"/>
              </conditions>
            </line>
            <line number="43" hits="568" branch="true" condition-coverage="100% (2/2)">
              <conditions>
                <condition number="0" type="jump" coverage="100%"/>
              </conditions>
            </line>
            <line number="45" hits="56" branch="true" condition-coverage="50% (1/2)">
              <conditions>
                <condition number="0" type="jump" coverage="50%"/>
              </conditions>
            </line>
            <line number="48" hits="192" branch="false"/>
            <line number="50" hits="548" branch="false"/>
            <line number="52" hits="1768" branch="false"/>
            <line number="53" hits="1768" branch="false"/>
            <line number="54" hits="1768" branch="false"/>
            <line number="55" hits="1768" branch="false"/>
            <line number="56" hits="1768" branch="false"/>
            <line number="59" hits="640" branch="false"/>
            <line number="60" hits="640" branch="true" condition-coverage="100% (2/2)">
              <conditions>
                <condition number="0" type="jump" coverage="100%"/>
              </conditions>
            </line>
            <line number="61" hits="596" branch="false"/>
            <line number="62" hits="640" branch="false"/>
            <line number="63" hits="640" branch="false"/>
            <line number="64" hits="640" branch="false"/>
            <line number="113" hits="10" branch="false"/>
            <line number="114" hits="10" branch="false"/>
            <line number="137" hits="10" branch="false"/>
            <line number="168" hits="12" branch="false"/>
            <line number="169" hits="12" branch="false"/>
            <line number="175" hits="260" branch="false"/>
            <line number="180" hits="10" branch="false"/>
            <line number="182" hits="242" branch="false"/>
            <line number="183" hits="232" branch="false"/>
            <line number="185" hits="10" branch="false"/>
            <line number="186" hits="122" branch="false"/>
            <line number="187" hits="122" branch="false"/>
            <line number="193" hits="10" branch="true" condition-coverage="50% (2/4)">
              <conditions>
                <condition number="0" type="jump" coverage="50%"/>
              </conditions>
            </line>
            <line number="197" hits="28" branch="false"/>
            <line number="199" hits="282" branch="false"/>
            <line number="204" hits="28" branch="true" condition-coverage="50% (2/4)">
              <conditions>
                <condition number="0" type="jump" coverage="50%"/>
              </conditions>
            </line>
            <line number="208" hits="10" branch="false"/>
            <line number="211" hits="148" branch="false"/>
            <line number="212" hits="144" branch="false"/>
            <line number="213" hits="144" branch="false"/>
            <line number="216" hits="696" branch="false"/>
            <line number="217" hits="692" branch="true" condition-coverage="100% (12/12)">
              <conditions>
                <condition number="0" type="jump" coverage="100%"/>
              </conditions>
            </line>
            <line number="218" hits="102" branch="false"/>
            <line number="219" hits="590" branch="false"/>
            <line number="220" hits="2372" branch="false"/>
            <line number="223" hits="572" branch="false"/>
            <line number="224" hits="130" branch="false"/>
            <line number="225" hits="130" branch="true" condition-coverage="50% (1/2)">
              <conditions>
                <condition number="0" type="jump" coverage="50%"/>
              </conditions>
            </line>
            <line number="226" hits="130" branch="false"/>
            <line number="234" hits="10" branch="false"/>
          </lines>
        </class>
        <class name="Taker_h" filename="src/ltl/Range/Taker.h" line-rate="1.0" branch-rate="0.5" complexity="0.0">
          <methods/>
          <lines>
            <line number="53" hits="1252" branch="false"/>
            <line number="54" hits="1252" branch="false"/>
            <line number="55" hits="1252" branch="false"/>
            <line number="59" hits="12" branch="false"/>
            <line number="60" hits="12" branch="false"/>
            <line number="61" hits="12" branch="false"/>
            <line number="65" hits="2" branch="false"/>
            <line number="66" hits="2" branch="true" condition-coverage="50% (1/2)">
              <conditions>
                <condition number="0" type="jump" coverage="50%"/>
              </conditions>
            </line>
            <line number="67" hits="22" branch="false"/>
            <line number="68" hits="22" branch="false"/>
            <line number="70" hits="2" branch="false"/>
            <line number="74" hits="2" branch="false"/>
            <line number="75" hits="2" branch="true" condition-coverage="50% (1/2)">
              <conditions>
                <condition number="0" type="jump" coverage="50%"/>
              </conditions>
            </line>
            <line number="76" hits="12" branch="false"/>
            <line number="78" hits="2" branch="false"/>
            <line number="93" hits="626" branch="false"/>
            <line number="105" hits="6" branch="false"/>
            <line number="119" hits="2" branch="false"/>
            <line number="120" hits="2" branch="false"/>
            <line number="136" hits="2" branch="false"/>
            <line number="137" hits="2" branch="false"/>
          </lines>
        </class>
        <class name="Value_h" filename="src/ltl/Range/Value.h" line-rate="0.9" branch-rate="0.0" complexity="0.0">
          <methods/>
          <lines>
            <line number="26" hits="28" branch="false"/>
            <line number="28" hits="456" branch="false"/>
            <line number="29" hits="456" branch="false"/>
            <line number="31" hits="1300" branch="false"/>
            <line number="32" hits="1300" branch="false"/>
            <line number="33" hits="1300" branch="false"/>
            <line number="41" hits="120" branch="false"/>
            <line number="42" hits="120" branch="false"/>
            <line number="43" hits="120" branch="false"/>
            <line number="46" hits="1256" branch="false"/>
            <line number="48" hits="176" branch="false"/>
            <line number="49" hits="176" branch="false"/>
            <line number="61" hits="4" branch="false"/>
            <line number="63" hits="4" branch="false"/>
            <line number="71" hits="56" branch="false"/>
            <line number="72" hits="56" branch="false"/>
            <line number="81" hits="82" branch="false"/>
            <line number="82" hits="82" branch="false"/>
            <line number="113" hits="0" branch="false"/>
            <line number="119" hits="0" branch="false"/>
          </lines>
        </class>
        <class name="Zip_h" filename="src/ltl/Range/Zip.h" line-rate="1.0" branch-rate="0.5833333333333334" complexity="0.0">
          <methods/>
          <lines>
            <line number="29" hits="524" branch="false"/>
            <line number="30" hits="786" branch="true" condition-coverage="50% (1/2)">
              <conditions>
                <condition number="0" type="jump" coverage="50%"/>
              </conditions>
            </line>
            <line number="31" hits="524" branch="false"/>
            <line number="39" hits="148" branch="false"/>
            <line number="40" hits="222" branch="true" condition-coverage="50% (1/2)">
              <conditions>
                <condition number="0" type="jump" coverage="50%"/>
              </conditions>
            </line>
            <line number="49" hits="96" branch="false"/>
            <line number="50" hits="96" branch="false"/>
            <line number="54" hits="56" branch="false"/>
            <line number="55" hits="56" branch="true" condition-coverage="50% (1/2)">
              <conditions>
                <condition number="0" type="jump" coverage="50%"/>
              </conditions>
            </line>
            <line number="56" hits="510" branch="true" condition-coverage="75% (3/4)">
              <conditions>
                <condition number="0" type="jump" coverage="75%"/>
              </conditions>
            </line>
            <line number="57" hits="284" branch="true" condition-coverage="50% (1/2)">
              <conditions>
                <condition number="0" type="jump" coverage="50%"/>
              </conditions>
            </line>
            <line number="58" hits="56" branch="false"/>
            <line number="65" hits="32" branch="false"/>
            <line number="67" hits="80" branch="false"/>
            <line number="69" hits="112" branch="false"/>
            <line number="91" hits="16" branch="false"/>
            <line number="96" hits="16" branch="false"/>
          </lines>
        </class>
        <class name="actions_h" filename="src/ltl/Range/actions.h" line-rate="1.0" branch-rate="0.47058823529411764" complexity="0.0">
          <methods/>
          <lines>
            <line number="40" hits="16" branch="false"/>
            <line number="63" hits="16" branch="false"/>
            <line number="64" hits="16" branch="false"/>
            <line number="81" hits="2" branch="false"/>
            <line number="82" hits="2" branch="false"/>
            <line number="99" hits="2" branch="false"/>
            <line number="100" hits="2" branch="false"/>
            <line number="130" hits="8" branch="false"/>
            <line number="136" hits="8" branch="false"/>
            <line number="142" hits="8" branch="false"/>
            <line number="148" hits="2" branch="false"/>
            <line number="155" hits="2" branch="false"/>
            <line number="161" hits="2" branch="false"/>
            <line number="172" hits="8" branch="false"/>
            <line number="173" hits="8" branch="false"/>
            <line number="181" hits="8" branch="false"/>
            <line number="182" hits="8" branch="false"/>
            <line number="190" hits="8" branch="false"/>
            <line number="191" hits="8" branch="false"/>
            <line number="199" hits="2" branch="false"/>
            <line number="200" hits="2" branch="false"/>
            <line number="208" hits="2" branch="false"/>
            <line number="209" hits="2" branch="false"/>
            <line number="217" hits="2" branch="false"/>
            <line number="218" hits="2" branch="false"/>
            <line number="223" hits="24" branch="false"/>
            <line number="228" hits="24" branch="false"/>
            <line number="229" hits="24" branch="false"/>
            <line number="234" hits="8" branch="false"/>
            <line number="240" hits="8" branch="false"/>
            <line number="241" hits="8" branch="false"/>
            <line number="248" hits="4" branch="false"/>
            <line number="249" hits="4" branch="false"/>
            <line number="263" hits="20" branch="false"/>
            <line number="264" hits="20" branch="false"/>
            <line number="268" hits="16" branch="false"/>
            <line number="269" hits="16" branch="false"/>
            <line number="273" hits="4" branch="false"/>
            <line number="274" hits="4" branch="true" condition-coverage="50% (2/4)">
              <conditions>
                <condition number="0" type="jump" coverage="50%"/>
              </conditions>
            </line>
            <line number="275" hits="4" branch="false"/>
            <line number="279" hits="2" branch="false"/>
            <line number="280" hits="2" branch="false"/>
            <line number="281" hits="2" branch="false"/>
            <line number="285" hits="8" branch="false"/>
            <line number="286" hits="8" branch="false"/>
            <line number="290" hits="8" branch="false"/>
            <line number="291" hits="8" branch="false"/>
            <line number="295" hits="8" branch="false"/>
            <line number="296" hits="8" branch="false"/>
            <line number="300" hits="2" branch="false"/>
            <line number="301" hits="2" branch="false"/>
            <line number="305" hits="2" branch="false"/>
            <line number="306" hits="2" branch="false"/>
            <line number="310" hits="2" branch="false"/>
            <line number="311" hits="2" branch="false"/>
            <line number="315" hits="24" branch="false"/>
            <line number="316" hits="48" branch="false"/>
            <line number="317" hits="24" branch="true" condition-coverage="100% (2/2)">
              <conditions>
                <condition number="0" type="jump" coverage="100%"/>
              </conditions>
            </line>
            <line number="318" hits="4" branch="false"/>
            <line number="320" hits="56" branch="true" condition-coverage="50% (1/2)">
              <conditions>
                <condition number="0" type="jump" coverage="50%"/>
              </conditions>
            </line>
            <line number="321" hits="18" branch="true" condition-coverage="33% (4/12)">
              <conditions>
                <condition number="0" type="jump" coverage="33%"/>
              </conditions>
            </line>
            <line number="322" hits="28" branch="true" condition-coverage="50% (3/6)">
              <conditions>
                <condition number="0" type="jump" coverage="50%"/>
              </conditions>
            </line>
            <line number="327" hits="8" branch="false"/>
            <line number="328" hits="8" branch="false"/>
            <line number="332" hits="2" branch="false"/>
            <line number="333" hits="2" branch="false"/>
            <line number="337" hits="24" branch="false"/>
            <line number="338" hits="24" branch="false"/>
            <line number="339" hits="24" branch="false"/>
            <line number="343" hits="2" branch="false"/>
            <line number="344" hits="4" branch="true" condition-coverage="50% (1/2)">
              <conditions>
                <condition number="0" type="jump" coverage="50%"/>
              </conditions>
            </line>
            <line number="345" hits="2" branch="false"/>
            <line number="346" hits="2" branch="false"/>
            <line number="347" hits="4" branch="false"/>
            <line number="352" hits="2" branch="false"/>
            <line number="353" hits="4" branch="true" condition-coverage="50% (3/6)">
              <conditions>
                <condition number="0" type="jump" coverage="50%"/>
              </conditions>
            </line>
          </lines>
        </class>
        <class name="enumerate_h" filename="src/ltl/Range/enumerate.h" line-rate="1.0" branch-rate="0.0" complexity="0.0">
          <methods/>
          <lines>
            <line number="30" hits="12" branch="false"/>
            <line number="32" hits="12" branch="false"/>
          </lines>
        </class>
        <class name="seq_h" filename="src/ltl/Range/seq.h" line-rate="1.0" branch-rate="0.5" complexity="0.0">
          <methods/>
          <lines>
            <line number="34" hits="8" branch="false"/>
            <line number="50" hits="14" branch="false"/>
            <line number="52" hits="342" branch="false"/>
            <line number="54" hits="314" branch="true" condition-coverage="66% (4/6)">
              <conditions>
                <condition number="0" type="jump" coverage="66%"/>
              </conditions>
            </line>
            <line number="55" hits="8" branch="true" condition-coverage="25% (1/4)">
              <conditions>
                <condition number="0" type="jump" coverage="25%"/>
              </conditions>
            </line>
            <line number="56" hits="8" branch="false"/>
            <line number="58" hits="28" branch="false"/>
          </lines>
        </class>
      </classes>
    </package>
  </packages>
</coverage>
